[I 2026-07-28 10:52:38,110] Trial 99 finished with value: 753.3523707509843 and parameters: {'rsi_extreme': 2.302144621965073, 'rsi_moderate': 1.5317788915385178, 'rsi_mild': 0.3219487924576574, 'stoch_extreme': 2.055267619727115, 'stoch_moderate': 0.7443208363958552, 'stoch_cross': 0.824289561652972, 'mfi_extreme': 2.3090299259149605, 'mfi_moderate': 0.9661395690193756, 'cci_extreme': 1.9523696592919795, 'cci_moderate': 1.092570340463991, 'wr_extreme': 1.6576330354397604, 'wr_moderate': 0.7296266096988416, 'sar': 0.29688879549792685, 'aroon': 0.40076425582355324, 'ma_trend': 0.33292663988788485, 'ema_cross': 0.30006158736917893, 'kdj_cross': 0.4361857004776669, 'kdj_j': 0.31530589418120336, 'bb_extreme': 1.7421041686889382, 'bb_moderate': 0.8113786769106386, 'volume': 0.33637079379363055, 'hammer': 1.844363288542236, 'engulfing': 1.2629078481980782, 'rsi_divergence': 0.7152306574242419, 'trend_di': 0.5699644294880157, 'trend_rsi': 0.6495732049741095, 'range_bb': 0.41222289690495173}. Best is trial 95 with value: 779.6026480834761.

  Best trial: 1264 trades, WR=68.6%, PnL=$+7415.0
  Improvement: WR -0.0%, Trades +1022

©¤©¤©¤©¤©¤©¤©¤©¤©¤©¤©¤©¤©¤©¤©¤©¤©¤©¤©¤©¤©¤©¤©¤©¤©¤©¤©¤©¤©¤©¤©¤©¤©¤©¤©¤©¤©¤©¤©¤©¤©¤©¤©¤©¤©¤©¤©¤©¤©¤©¤©¤©¤©¤©¤©¤©¤©¤©¤©¤©¤
  Weight                Default  Optimal    Delta
  ©¤©¤©¤©¤©¤©¤©¤©¤©¤©¤©¤©¤©¤©¤©¤©¤©¤©¤©¤©¤©¤©¤©¤©¤©¤©¤©¤©¤©¤©¤©¤©¤©¤©¤©¤©¤©¤©¤©¤©¤©¤©¤©¤©¤©¤©¤©¤©¤©¤©¤©¤©¤©¤©¤©¤©¤©¤©¤©¤©¤
  rsi_extreme              2.00     2.26    +0.26
  rsi_moderate             1.20     1.59    +0.39 <<<
  rsi_mild                 0.30     0.29    -0.01
  stoch_extreme            1.50     1.93    +0.43 <<<
  stoch_moderate           0.50     0.75    +0.25
  stoch_cross              0.80     0.83    +0.03
  mfi_extreme              1.50     2.42    +0.92 <<<
  mfi_moderate             0.50     1.00    +0.50 <<<
  cci_extreme              1.50     1.96    +0.46 <<<
  cci_moderate             0.70     1.17    +0.47 <<<
  wr_extreme               1.20     1.72    +0.52 <<<
  wr_moderate              0.50     0.68    +0.18
  sar                      0.50     0.30    -0.20
  aroon                    0.50     0.42    -0.08
  ma_trend                 0.80     0.34    -0.46 <<<
  ema_cross                0.30     0.31    +0.01
  kdj_cross                0.80     0.41    -0.39 <<<
  kdj_j                    0.50     0.31    -0.19
  bb_extreme               1.20     1.91    +0.71 <<<
  bb_moderate              0.50     0.74    +0.24
  volume                   0.50     0.31    -0.19
  hammer                   1.00     1.83    +0.83 <<<
  engulfing                1.50     1.25    -0.25
  rsi_divergence           0.80     0.73    -0.07
  trend_di                 0.80     0.45    -0.35 <<<
  trend_rsi                0.30     0.56    +0.26
  range_bb                 0.50     0.32    -0.18
  ©¤©¤©¤©¤©¤©¤©¤©¤©¤©¤©¤©¤©¤©¤©¤©¤©¤©¤©¤©¤©¤©¤©¤©¤©¤©¤©¤©¤©¤©¤©¤©¤©¤©¤©¤©¤©¤©¤©¤©¤©¤©¤©¤©¤©¤©¤©¤©¤©¤©¤©¤©¤©¤©¤©¤©¤©¤©¤©¤©¤

[4/4] Out-of-sample validation (2026-07-01 ~ 2026-07-28)...
  [CACHE] ETHUSDT 5m: 7897 klines
  [CACHE] ETHUSDT 15m: 2633 klines
  [CACHE] ETHUSDT 30m: 1317 klines
  [CACHE] ETHUSDT 1h: 659 klines
  [CACHE] ETHUSDT 4h: 165 klines
  [CACHE] ETHUSDT 1d: 28 klines
  [CACHE] ETHUSDT 5m: 7897 klines
  [CACHE] ETHUSDT 15m: 2633 klines
  [CACHE] ETHUSDT 30m: 1317 klines
  [CACHE] ETHUSDT 1h: 659 klines
  [CACHE] ETHUSDT 4h: 165 klines
  [CACHE] ETHUSDT 1d: 28 klines

                       Trades      WR        PnL
  ©¤©¤©¤©¤©¤©¤©¤©¤©¤©¤©¤©¤©¤©¤©¤©¤©¤©¤©¤©¤©¤©¤©¤©¤©¤©¤©¤©¤©¤©¤©¤©¤©¤©¤©¤©¤©¤©¤©¤©¤©¤©¤©¤©¤©¤
  Default (OOS)            33   66.7%     +165.0
  Optimal (OOS)           175   71.4%    +1250.0
  Delta                  +142   +4.8%    +1085.0

======================================================================
  RESULT: Optimized weights IMPROVE out-of-sample performance.
  Recommend applying optimized weights to strategy_engine.py.
======================================================================
