[I 2026-07-28 10:39:49,461] A new study created in memory with name: no-name-81ce8d41-3d22-4f55-a6fc-73a586352499
======================================================================
  Optuna Weight Optimization ¡ª V3 Strategy
  Train: 2026-01-01 ~ 2026-07-01 | Validate: 2026-07-01 ~ 2026-07-28
======================================================================

[1/4] Loading training data...
  [CACHE] ETHUSDT 5m: 52417 klines
  [CACHE] ETHUSDT 15m: 17473 klines
  [CACHE] ETHUSDT 30m: 8737 klines
  [CACHE] ETHUSDT 1h: 4369 klines
  [CACHE] ETHUSDT 4h: 1093 klines
  [CACHE] ETHUSDT 1d: 182 klines
  [CACHE] ETHUSDT 5m: 52417 klines
  [CACHE] ETHUSDT 15m: 17473 klines
  [CACHE] ETHUSDT 30m: 8737 klines
  [CACHE] ETHUSDT 1h: 4369 klines
  [CACHE] ETHUSDT 4h: 1093 klines
  [CACHE] ETHUSDT 1d: 182 klines
  52417 5m candles loaded

[2/4] Baseline (current hardcoded weights)...
  Baseline: 242 trades, WR=68.6%, PnL=$+1420.0

[3/4] Running Optuna TPE optimization (100 trials, ~25 min)...
  0%|          | 0/100 [00:00<?, ?it/s]                                         0%|          | 0/100 [00:07<?, ?it/s]Best trial: 0. Best value: 535.595:   0%|          | 0/100 [00:07<?, ?it/s]Best trial: 0. Best value: 535.595:   1%|          | 1/100 [00:07<11:56,  7.23s/it]                                                                                   Best trial: 0. Best value: 535.595:   1%|          | 1/100 [00:14<11:56,  7.23s/it]Best trial: 1. Best value: 557.038:   1%|          | 1/100 [00:14<11:56,  7.23s/it]Best trial: 1. Best value: 557.038:   2%|¨‡         | 2/100 [00:14<11:34,  7.09s/it]                                                                                   Best trial: 1. Best value: 557.038:   2%|¨‡         | 2/100 [00:21<11:34,  7.09s/it]Best trial: 1. Best value: 557.038:   2%|¨‡         | 2/100 [00:21<11:34,  7.09s/it]Best trial: 1. Best value: 557.038:   3%|¨†         | 3/100 [00:21<11:22,  7.04s/it]                                                                                   Best trial: 1. Best value: 557.038:   3%|¨†         | 3/100 [00:28<11:22,  7.04s/it]Best trial: 1. Best value: 557.038:   3%|¨†         | 3/100 [00:28<11:22,  7.04s/it]Best trial: 1. Best value: 557.038:   4%|¨…         | 4/100 [00:28<11:14,  7.02s/it]                                                                                   Best trial: 1. Best value: 557.038:   4%|¨…         | 4/100 [00:36<11:14,  7.02s/it]Best trial: 1. Best value: 557.038:   4%|¨…         | 4/100 [00:36<11:14,  7.02s/it]Best trial: 1. Best value: 557.038:   5%|¨„         | 5/100 [00:36<11:45,  7.43s/it]                                                                                   Best trial: 1. Best value: 557.038:   5%|¨„         | 5/100 [00:44<11:45,  7.43s/it]Best trial: 1. Best value: 557.038:   5%|¨„         | 5/100 [00:44<11:45,  7.43s/it]Best trial: 1. Best value: 557.038:   6%|¨„         | 6/100 [00:44<12:06,  7.73s/it]                                                                                   Best trial: 1. Best value: 557.038:   6%|¨„         | 6/100 [00:51<12:06,  7.73s/it]Best trial: 1. Best value: 557.038:   6%|¨„         | 6/100 [00:51<12:06,  7.73s/it]Best trial: 1. Best value: 557.038:   7%|¨ƒ         | 7/100 [00:51<11:29,  7.42s/it]                                                                                   Best trial: 1. Best value: 557.038:   7%|¨ƒ         | 7/100 [00:58<11:29,  7.42s/it]Best trial: 1. Best value: 557.038:   7%|¨ƒ         | 7/100 [00:58<11:29,  7.42s/it]Best trial: 1. Best value: 557.038:   8%|¨‚         | 8/100 [00:58<11:25,  7.45s/it]                                                                                   Best trial: 1. Best value: 557.038:   8%|¨‚         | 8/100 [01:05<11:25,  7.45s/it]Best trial: 1. Best value: 557.038:   8%|¨‚         | 8/100 [01:05<11:25,  7.45s/it]Best trial: 1. Best value: 557.038:   9%|¨         | 9/100 [01:05<10:52,  7.17s/it]                                                                                   Best trial: 1. Best value: 557.038:   9%|¨         | 9/100 [01:12<10:52,  7.17s/it]Best trial: 1. Best value: 557.038:   9%|¨         | 9/100 [01:12<10:52,  7.17s/it]Best trial: 1. Best value: 557.038:  10%|¨€         | 10/100 [01:12<10:36,  7.07s/it]                                                                                    Best trial: 1. Best value: 557.038:  10%|¨€         | 10/100 [01:19<10:36,  7.07s/it]Best trial: 1. Best value: 557.038:  10%|¨€         | 10/100 [01:19<10:36,  7.07s/it]Best trial: 1. Best value: 557.038:  11%|¨€         | 11/100 [01:19<10:29,  7.07s/it]                                                                                    Best trial: 1. Best value: 557.038:  11%|¨€         | 11/100 [01:26<10:29,  7.07s/it]Best trial: 11. Best value: 557.652:  11%|¨€         | 11/100 [01:26<10:29,  7.07s/it]Best trial: 11. Best value: 557.652:  12%|¨€¨‡        | 12/100 [01:26<10:19,  7.04s/it]                                                                                     Best trial: 11. Best value: 557.652:  12%|¨€¨‡        | 12/100 [01:33<10:19,  7.04s/it]Best trial: 11. Best value: 557.652:  12%|¨€¨‡        | 12/100 [01:33<10:19,  7.04s/it]Best trial: 11. Best value: 557.652:  13%|¨€¨†        | 13/100 [01:33<10:10,  7.02s/it]                                                                                     Best trial: 11. Best value: 557.652:  13%|¨€¨†        | 13/100 [01:40<10:10,  7.02s/it]Best trial: 13. Best value: 640.544:  13%|¨€¨†        | 13/100 [01:40<10:10,  7.02s/it]Best trial: 13. Best value: 640.544:  14%|¨€¨…        | 14/100 [01:40<10:03,  7.02s/it]                                                                                     [I 2026-07-28 10:39:56,717] Trial 0 finished with value: 535.5951154705101 and parameters: {'rsi_extreme': 1.749080237694725, 'rsi_moderate': 1.9260714596148742, 'rsi_mild': 0.6123957592679836, 'stoch_extreme': 1.897987726295555, 'stoch_moderate': 0.3248149123539492, 'stoch_cross': 0.48719342440344315, 'mfi_extreme': 1.0871254182522991, 'mfi_moderate': 0.8929409166199482, 'cci_extreme': 1.9016725176148133, 'cci_moderate': 0.9372653200164409, 'wr_extreme': 0.8247013931549629, 'wr_moderate': 0.9759278817295955, 'sar': 0.8659541126403374, 'aroon': 0.36987128854262097, 'ma_trend': 0.5181899606485207, 'ema_cross': 0.22838315689740368, 'kdj_cross': 0.6650906915514452, 'kdj_j': 0.6198051453057902, 'bb_extreme': 1.1479175279631737, 'bb_moderate': 0.43298331215843355, 'volume': 0.6894823157779035, 'hammer': 0.7092407909780627, 'engulfing': 1.0842892970704363, 'rsi_divergence': 0.9228151335992758, 'trend_di': 0.8472839810604431, 'trend_rsi': 0.6496231729751095, 'range_bb': 0.3597390257266878}. Best is trial 0 with value: 535.5951154705101.
[I 2026-07-28 10:40:03,708] Trial 1 finished with value: 557.0378914146779 and parameters: {'rsi_extreme': 2.0284688768272234, 'rsi_moderate': 1.3886218532930636, 'rsi_mild': 0.1325152889039984, 'stoch_extreme': 1.9113172778521577, 'stoch_moderate': 0.33641929894983325, 'stoch_cross': 0.3780619115823354, 'mfi_extreme': 2.42332830588, 'mfi_moderate': 0.9725056264596474, 'cci_extreme': 2.212596022174692, 'cci_moderate': 0.5741523922560337, 'wr_extreme': 0.9172065368076607, 'wr_moderate': 0.7473864212097256, 'sar': 0.5521219949916811, 'aroon': 0.2976305878758231, 'ma_trend': 0.8942122921335243, 'ema_cross': 0.12407196478065288, 'kdj_cross': 1.3911844824945385, 'kdj_j': 0.40702398528001354, 'bb_extreme': 1.4937834265309728, 'bb_moderate': 0.4493688608715288, 'volume': 0.6160544169422486, 'hammer': 1.3200654190149195, 'engulfing': 0.8697089110510541, 'rsi_divergence': 1.9482938671997496, 'trend_di': 1.2301593880333375, 'trend_rsi': 0.7576492590949324, 'range_bb': 0.915861880342119}. Best is trial 1 with value: 557.0378914146779.
[I 2026-07-28 10:40:10,676] Trial 2 finished with value: 309.0999396606076 and parameters: {'rsi_extreme': 2.19579995762217, 'rsi_moderate': 1.8828113525346752, 'rsi_mild': 0.16194475143634365, 'stoch_extreme': 1.2939742936287177, 'stoch_moderate': 0.23618183112843047, 'stoch_cross': 0.6903963969159173, 'mfi_extreme': 1.583015934534223, 'mfi_moderate': 0.41707922541911674, 'cci_extreme': 2.243106263727894, 'cci_moderate': 0.6210779940242304, 'wr_extreme': 1.137121411624857, 'wr_moderate': 0.6341568665265989, 'sar': 0.31273937997981016, 'aroon': 0.8417575846032317, 'ma_trend': 0.38946077241572497, 'ema_cross': 0.7908208556203622, 'kdj_cross': 1.226693723155989, 'kdj_j': 0.35897254522733796, 'bb_extreme': 0.5082831756854036, 'bb_moderate': 0.8523691427638673, 'volume': 0.7654858750780937, 'hammer': 1.5935107520614809, 'engulfing': 2.0425406933718913, 'rsi_divergence': 0.4258759079479536, 'trend_di': 0.7301588742531271, 'trend_rsi': 0.18110834166759082, 'range_bb': 0.890482740700475}. Best is trial 1 with value: 557.0378914146779.
[I 2026-07-28 10:40:17,682] Trial 3 finished with value: 261.76316291843875 and parameters: {'rsi_extreme': 2.246596253655116, 'rsi_moderate': 0.9963470372789738, 'rsi_mild': 0.14449084520021654, 'stoch_extreme': 1.4664734825734933, 'stoch_moderate': 0.46014665762139767, 'stoch_cross': 1.1755274140056768, 'mfi_extreme': 1.9563362070328196, 'mfi_moderate': 0.9097701940610612, 'cci_extreme': 1.7083223877429239, 'cci_moderate': 0.4076348213444715, 'wr_extreme': 1.655893744667594, 'wr_moderate': 0.8086280388935181, 'sar': 0.649021758055597, 'aroon': 0.8167737439636489, 'ma_trend': 0.8925547156372688, 'ema_cross': 0.46591298056739583, 'kdj_cross': 0.8130492220302594, 'kdj_j': 0.22033530139527616, 'bb_extreme': 0.6618371404899567, 'bb_moderate': 0.22514334854938742, 'volume': 0.7091283290110244, 'hammer': 0.97153397161449, 'engulfing': 1.5171413823294055, 'rsi_divergence': 1.8428630056743582, 'trend_di': 0.5991506749786499, 'trend_rsi': 0.3872680461249408, 'range_bb': 0.804440910834439}. Best is trial 1 with value: 557.0378914146779.
[I 2026-07-28 10:40:25,819] Trial 4 finished with value: 447.7966599002993 and parameters: {'rsi_extreme': 1.457596330983245, 'rsi_moderate': 0.6154698647431895, 'rsi_mild': 0.30282601703963763, 'stoch_extreme': 1.2418319308810066, 'stoch_moderate': 0.9437581218740585, 'stoch_cross': 1.2697444554773003, 'mfi_extreme': 1.9501056347656351, 'mfi_moderate': 0.8971684721501743, 'cci_extreme': 2.205508115348672, 'cci_moderate': 0.46791305299743224, 'wr_extreme': 1.8710707981879733, 'wr_moderate': 0.6314737935325205, 'sar': 0.84595212413125, 'aroon': 0.9168730399387945, 'ma_trend': 0.6816041699662366, 'ema_cross': 0.17703634716937375, 'kdj_cross': 0.57352219505033, 'kdj_j': 0.5416862309010051, 'bb_extreme': 1.7270221488837396, 'bb_moderate': 0.8885844666050748, 'volume': 0.20556170442495258, 'hammer': 1.2661209538663485, 'engulfing': 1.334822006297558, 'rsi_divergence': 0.6775832778002414, 'trend_di': 0.44383844080041934, 'trend_rsi': 0.3363306199825396, 'range_bb': 0.9543277631300153}. Best is trial 1 with value: 557.0378914146779.
[I 2026-07-28 10:40:34,140] Trial 5 finished with value: 391.0235363963336 and parameters: {'rsi_extreme': 1.6464058640415105, 'rsi_moderate': 1.278185932615049, 'rsi_mild': 0.5921132712266245, 'stoch_extreme': 1.545444403568941, 'stoch_moderate': 0.9774256661767686, 'stoch_cross': 1.4549367539305336, 'mfi_extreme': 1.3776734437380462, 'mfi_moderate': 0.5977988047139084, 'cci_extreme': 1.4513174647251545, 'cci_moderate': 0.5563564449397208, 'wr_extreme': 0.8442643368254394, 'wr_moderate': 0.6876514671839176, 'sar': 0.6021432185830893, 'aroon': 0.2411830009999915, 'ma_trend': 0.6343757570839337, 'ema_cross': 0.7357861201766577, 'kdj_cross': 0.5874742688003669, 'kdj_j': 0.3159158976729785, 'bb_extreme': 1.2341791404163445, 'bb_moderate': 0.9885203632884807, 'volume': 0.39364421720920034, 'hammer': 1.5082033211088177, 'engulfing': 2.023239230657435, 'rsi_divergence': 0.7039838247870794, 'trend_di': 1.1738596183342314, 'trend_rsi': 0.3574481929034773, 'range_bb': 0.7058446644748637}. Best is trial 1 with value: 557.0378914146779.
[I 2026-07-28 10:40:40,907] Trial 6 finished with value: 392.127113546714 and parameters: {'rsi_extreme': 2.2670594215217896, 'rsi_moderate': 1.3036620261121377, 'rsi_mild': 0.16320283903808583, 'stoch_extreme': 2.252953743383857, 'stoch_moderate': 0.4566240519773887, 'stoch_cross': 0.5238222124798251, 'mfi_extreme': 1.0611627123321459, 'mfi_moderate': 0.6727143545505935, 'cci_extreme': 2.0163465427634235, 'cci_moderate': 0.31492904603507055, 'wr_extreme': 1.4145116699591371, 'wr_moderate': 0.3811966201583504, 'sar': 0.71613823232756, 'aroon': 0.33949314320399315, 'ma_trend': 1.129125285722959, 'ema_cross': 0.37071474241037616, 'kdj_cross': 1.4240759864840815, 'kdj_j': 0.3100167553167946, 'bb_extreme': 1.0115995265753877, 'bb_moderate': 0.29077881699247127, 'volume': 0.9397548946228502, 'hammer': 1.8160090300714715, 'engulfing': 1.0158832554303112, 'rsi_divergence': 1.4219728782581045, 'trend_di': 1.280666640241459, 'trend_rsi': 0.48864056811962364, 'range_bb': 0.6237204626848052}. Best is trial 1 with value: 557.0378914146779.
Best trial: 13. Best value: 640.544:  14%|¨€¨…        | 14/100 [01:47<10:03,  7.02s/it]Best trial: 14. Best value: 678.54:  14%|¨€¨…        | 14/100 [01:47<10:03,  7.02s/it] Best trial: 14. Best value: 678.54:  15%|¨€¨„        | 15/100 [01:47<09:48,  6.92s/it]                                                                                    Best trial: 14. Best value: 678.54:  15%|¨€¨„        | 15/100 [01:53<09:48,  6.92s/it]Best trial: 14. Best value: 678.54:  15%|¨€¨„        | 15/100 [01:53<09:48,  6.92s/it]Best trial: 14. Best value: 678.54:  16%|¨€¨„        | 16/100 [01:53<09:37,  6.87s/it]                                                                                    Best trial: 14. Best value: 678.54:  16%|¨€¨„        | 16/100 [02:00<09:37,  6.87s/it]Best trial: 14. Best value: 678.54:  16%|¨€¨„        | 16/100 [02:00<09:37,  6.87s/it]Best trial: 14. Best value: 678.54:  17%|¨€¨ƒ        | 17/100 [02:00<09:32,  6.90s/it]                                                                                    Best trial: 14. Best value: 678.54:  17%|¨€¨ƒ        | 17/100 [02:08<09:32,  6.90s/it]Best trial: 14. Best value: 678.54:  17%|¨€¨ƒ        | 17/100 [02:08<09:32,  6.90s/it]Best trial: 14. Best value: 678.54:  18%|¨€¨‚        | 18/100 [02:08<09:34,  7.00s/it]                                                                                    Best trial: 14. Best value: 678.54:  18%|¨€¨‚        | 18/100 [02:15<09:34,  7.00s/it]Best trial: 14. Best value: 678.54:  18%|¨€¨‚        | 18/100 [02:15<09:34,  7.00s/it]Best trial: 14. Best value: 678.54:  19%|¨€¨        | 19/100 [02:15<09:38,  7.15s/it]                                                                                    Best trial: 14. Best value: 678.54:  19%|¨€¨        | 19/100 [02:22<09:38,  7.15s/it]Best trial: 14. Best value: 678.54:  19%|¨€¨        | 19/100 [02:22<09:38,  7.15s/it]Best trial: 14. Best value: 678.54:  20%|¨€¨€        | 20/100 [02:22<09:25,  7.07s/it]                                                                                    Best trial: 14. Best value: 678.54:  20%|¨€¨€        | 20/100 [02:29<09:25,  7.07s/it]Best trial: 14. Best value: 678.54:  20%|¨€¨€        | 20/100 [02:29<09:25,  7.07s/it]Best trial: 14. Best value: 678.54:  21%|¨€¨€        | 21/100 [02:29<09:21,  7.11s/it]                                                                                    [I 2026-07-28 10:40:48,426] Trial 7 finished with value: 539.1561491074033 and parameters: {'rsi_extreme': 1.4837045818009034, 'rsi_moderate': 0.6396541517088488, 'rsi_mild': 0.7280510305673288, 'stoch_extreme': 2.350627085744996, 'stoch_moderate': 0.7064811658186143, 'stoch_cross': 0.7068357492584407, 'mfi_extreme': 1.5238143619189914, 'mfi_moderate': 0.7807645430961916, 'cci_extreme': 2.3456653899288655, 'cci_moderate': 1.0983777818386056, 'wr_extreme': 1.7358506550291486, 'wr_moderate': 0.7136253169234303, 'sar': 0.26731197199603907, 'aroon': 0.329302971275691, 'ma_trend': 1.3782650262324951, 'ema_cross': 0.524500341761713, 'kdj_cross': 0.31103646193995554, 'kdj_j': 0.2811772342928257, 'bb_extreme': 1.4952526536620838, 'bb_moderate': 0.20404926707697496, 'volume': 0.32864644113399893, 'hammer': 1.3231006840498791, 'engulfing': 1.8837903953853865, 'rsi_divergence': 1.408334141154421, 'trend_di': 0.5691231713526717, 'trend_rsi': 0.5985254549432751, 'range_bb': 0.3897992699974401}. Best is trial 1 with value: 557.0378914146779.
[I 2026-07-28 10:40:54,994] Trial 8 finished with value: 438.58502551197506 and parameters: {'rsi_extreme': 1.6507993963185355, 'rsi_moderate': 1.6197371076770362, 'rsi_mild': 0.5547430293330503, 'stoch_extreme': 2.273835115741267, 'stoch_moderate': 0.7260903138402748, 'stoch_cross': 0.9819703240025659, 'mfi_extreme': 1.1405121517421386, 'mfi_moderate': 0.49417264244754683, 'cci_extreme': 1.3978035515225882, 'cci_moderate': 0.5195906790411752, 'wr_extreme': 1.9676126657029347, 'wr_moderate': 0.5144781797334084, 'sar': 0.9136372441416907, 'aroon': 0.7049109007978103, 'ma_trend': 1.253773564249978, 'ema_cross': 0.4518459651736345, 'kdj_cross': 0.992284661551631, 'kdj_j': 0.5940141550550911, 'bb_extreme': 0.7928644816970667, 'bb_moderate': 0.7779616922092043, 'volume': 0.4246178899526847, 'hammer': 0.5364739496471808, 'engulfing': 1.7909445918143356, 'rsi_divergence': 0.6010881549919832, 'trend_di': 1.4285503012234972, 'trend_rsi': 0.7677500039018113, 'range_bb': 0.9318915121763589}. Best is trial 1 with value: 557.0378914146779.
[I 2026-07-28 10:41:01,828] Trial 9 finished with value: 432.3553957658062 and parameters: {'rsi_extreme': 1.7403174005108888, 'rsi_moderate': 0.5231849247933011, 'rsi_mild': 0.7498229938114078, 'stoch_extreme': 1.6422762224759715, 'stoch_moderate': 0.9733238552349357, 'stoch_cross': 1.4563439725071035, 'mfi_extreme': 2.27951418320104, 'mfi_moderate': 0.4355591136556686, 'cci_extreme': 1.5776465929028878, 'cci_moderate': 1.066023004365171, 'wr_extreme': 1.1803064061875332, 'wr_moderate': 0.33559419734887397, 'sar': 0.6454410099666801, 'aroon': 0.9489238193286249, 'ma_trend': 1.1352357560099675, 'ema_cross': 0.49904281906255554, 'kdj_cross': 0.4166117925249222, 'kdj_j': 0.6920057813593359, 'bb_extreme': 1.985080775156395, 'bb_moderate': 0.31206721218921923, 'volume': 0.6146637218909894, 'hammer': 1.816059607891933, 'engulfing': 1.9815372355084089, 'rsi_divergence': 1.4849267596919555, 'trend_di': 1.142980900784531, 'trend_rsi': 0.3516438058538286, 'range_bb': 0.4348734754115947}. Best is trial 1 with value: 557.0378914146779.
[I 2026-07-28 10:41:08,905] Trial 10 finished with value: 417.44040375394013 and parameters: {'rsi_extreme': 2.9110253116258153, 'rsi_moderate': 1.0314941893493181, 'rsi_mild': 0.40098403895340656, 'stoch_extreme': 1.02694281342223, 'stoch_moderate': 0.7120708019740448, 'stoch_cross': 0.3464702399534195, 'mfi_extreme': 2.4415379354469353, 'mfi_moderate': 0.22041361671997073, 'cci_extreme': 1.119592811228297, 'cci_moderate': 0.7739328498550291, 'wr_extreme': 1.4624884426925888, 'wr_moderate': 0.21682218035546152, 'sar': 0.4286834467560793, 'aroon': 0.553943502123458, 'ma_trend': 0.8782755955959957, 'ema_cross': 0.6464559049248749, 'kdj_cross': 1.4802952031194472, 'kdj_j': 0.9963509178579935, 'bb_extreme': 1.5356893641668725, 'bb_moderate': 0.6145273325314549, 'volume': 0.950046671101612, 'hammer': 0.9877138008985555, 'engulfing': 0.6038597874331222, 'rsi_divergence': 1.118320396723968, 'trend_di': 0.9475441281633573, 'trend_rsi': 0.1235101194541307, 'range_bb': 0.20847948390269544}. Best is trial 1 with value: 557.0378914146779.
[I 2026-07-28 10:41:15,882] Trial 11 finished with value: 557.6520649820677 and parameters: {'rsi_extreme': 1.0483946747475201, 'rsi_moderate': 0.8658124412953525, 'rsi_mild': 0.785586559329616, 'stoch_extreme': 2.4990436579623267, 'stoch_moderate': 0.6723838157662755, 'stoch_cross': 0.7474837983931384, 'mfi_extreme': 1.8332378577464203, 'mfi_moderate': 0.7505836095601595, 'cci_extreme': 2.497774037516134, 'cci_moderate': 1.1723641011107637, 'wr_extreme': 1.101178448333008, 'wr_moderate': 0.8464528275577314, 'sar': 0.20225678769806693, 'aroon': 0.4674688697473032, 'ma_trend': 1.4322788375544189, 'ema_cross': 0.1299086116298871, 'kdj_cross': 1.0554484546621428, 'kdj_j': 0.4566801428958536, 'bb_extreme': 1.4885429072134608, 'bb_moderate': 0.5313818606768921, 'volume': 0.48085188684537244, 'hammer': 1.2737824293739965, 'engulfing': 2.3432740793128506, 'rsi_divergence': 1.9705664665222677, 'trend_di': 0.4257873006149565, 'trend_rsi': 0.6459364682672172, 'range_bb': 0.5731552326494326}. Best is trial 11 with value: 557.6520649820677.
[I 2026-07-28 10:41:22,839] Trial 12 finished with value: 376.9515763142735 and parameters: {'rsi_extreme': 1.0094802393061793, 'rsi_moderate': 0.9125609552185759, 'rsi_mild': 0.3910537548696211, 'stoch_extreme': 1.9389968872397023, 'stoch_moderate': 0.5425263757544228, 'stoch_cross': 0.8571765890917851, 'mfi_extreme': 2.0022443911334156, 'mfi_moderate': 0.9934018413029165, 'cci_extreme': 2.3714336962786855, 'cci_moderate': 0.7889113472362104, 'wr_extreme': 1.0668156282813532, 'wr_moderate': 0.9180057261894814, 'sar': 0.4599286593192011, 'aroon': 0.5667976437570588, 'ma_trend': 1.4979611210508097, 'ema_cross': 0.1469764515949728, 'kdj_cross': 1.148420952486161, 'kdj_j': 0.4604961873082223, 'bb_extreme': 1.4041063156882112, 'bb_moderate': 0.5127350297780249, 'volume': 0.5462085148555932, 'hammer': 1.1491184167707371, 'engulfing': 2.292026068191953, 'rsi_divergence': 1.9812565630444996, 'trend_di': 0.3103889306668197, 'trend_rsi': 0.7823652828653856, 'range_bb': 0.5883246869037257}. Best is trial 11 with value: 557.6520649820677.
