Best trial: 76. Best value: 748.658:  77%|¨€¨€¨€¨€¨€¨€¨€¨ƒ  | 77/100 [09:34<02:37,  6.85s/it]Best trial: 76. Best value: 748.658:  77%|¨€¨€¨€¨€¨€¨€¨€¨ƒ  | 77/100 [09:34<02:37,  6.85s/it]Best trial: 76. Best value: 748.658:  78%|¨€¨€¨€¨€¨€¨€¨€¨‚  | 78/100 [09:34<02:30,  6.82s/it]                                                                                     Best trial: 76. Best value: 748.658:  78%|¨€¨€¨€¨€¨€¨€¨€¨‚  | 78/100 [09:41<02:30,  6.82s/it]Best trial: 78. Best value: 754.854:  78%|¨€¨€¨€¨€¨€¨€¨€¨‚  | 78/100 [09:41<02:30,  6.82s/it]Best trial: 78. Best value: 754.854:  79%|¨€¨€¨€¨€¨€¨€¨€¨  | 79/100 [09:41<02:26,  6.99s/it]                                                                                     Best trial: 78. Best value: 754.854:  79%|¨€¨€¨€¨€¨€¨€¨€¨  | 79/100 [09:51<02:26,  6.99s/it]Best trial: 78. Best value: 754.854:  79%|¨€¨€¨€¨€¨€¨€¨€¨  | 79/100 [09:51<02:26,  6.99s/it]Best trial: 78. Best value: 754.854:  80%|¨€¨€¨€¨€¨€¨€¨€¨€  | 80/100 [09:51<02:32,  7.65s/it]                                                                                     Best trial: 78. Best value: 754.854:  80%|¨€¨€¨€¨€¨€¨€¨€¨€  | 80/100 [09:59<02:32,  7.65s/it]Best trial: 78. Best value: 754.854:  80%|¨€¨€¨€¨€¨€¨€¨€¨€  | 80/100 [09:59<02:32,  7.65s/it]Best trial: 78. Best value: 754.854:  81%|¨€¨€¨€¨€¨€¨€¨€¨€  | 81/100 [09:59<02:28,  7.84s/it]                                                                                     Best trial: 78. Best value: 754.854:  81%|¨€¨€¨€¨€¨€¨€¨€¨€  | 81/100 [10:07<02:28,  7.84s/it]Best trial: 78. Best value: 754.854:  81%|¨€¨€¨€¨€¨€¨€¨€¨€  | 81/100 [10:07<02:28,  7.84s/it]Best trial: 78. Best value: 754.854:  82%|¨€¨€¨€¨€¨€¨€¨€¨€¨‡ | 82/100 [10:07<02:25,  8.06s/it]                                                                                     Best trial: 78. Best value: 754.854:  82%|¨€¨€¨€¨€¨€¨€¨€¨€¨‡ | 82/100 [10:15<02:25,  8.06s/it]Best trial: 78. Best value: 754.854:  82%|¨€¨€¨€¨€¨€¨€¨€¨€¨‡ | 82/100 [10:15<02:25,  8.06s/it]Best trial: 78. Best value: 754.854:  83%|¨€¨€¨€¨€¨€¨€¨€¨€¨† | 83/100 [10:15<02:16,  8.03s/it]                                                                                     Best trial: 78. Best value: 754.854:  83%|¨€¨€¨€¨€¨€¨€¨€¨€¨† | 83/100 [10:23<02:16,  8.03s/it]Best trial: 78. Best value: 754.854:  83%|¨€¨€¨€¨€¨€¨€¨€¨€¨† | 83/100 [10:23<02:16,  8.03s/it]Best trial: 78. Best value: 754.854:  84%|¨€¨€¨€¨€¨€¨€¨€¨€¨… | 84/100 [10:23<02:06,  7.93s/it]                                                                                     [I 2026-07-28 10:48:36,862] Trial 70 finished with value: 676.9540156076628 and parameters: {'rsi_extreme': 1.6636078522458668, 'rsi_moderate': 1.492827833679349, 'rsi_mild': 0.18935984717615345, 'stoch_extreme': 1.714341221400681, 'stoch_moderate': 0.9115549962477458, 'stoch_cross': 0.5959847854004094, 'mfi_extreme': 1.6979150407505694, 'mfi_moderate': 0.8513671563782632, 'cci_extreme': 1.2348216878009795, 'cci_moderate': 0.900138574047326, 'wr_extreme': 1.8342463122697181, 'wr_moderate': 0.4115168408000085, 'sar': 0.4887477221291315, 'aroon': 0.3394274181665615, 'ma_trend': 0.43512956393513436, 'ema_cross': 0.288586579297694, 'kdj_cross': 1.3250875684325623, 'kdj_j': 0.824943348703557, 'bb_extreme': 1.8204470593198163, 'bb_moderate': 0.44370394381434286, 'volume': 0.20126145394243578, 'hammer': 0.5879075067992007, 'engulfing': 1.0522907668044303, 'rsi_divergence': 0.3026638827557403, 'trend_di': 0.5444298572082923, 'trend_rsi': 0.32727313517043377, 'range_bb': 0.32589344142950605}. Best is trial 64 with value: 747.2930745454603.
[I 2026-07-28 10:48:43,730] Trial 71 finished with value: 719.2246393535755 and parameters: {'rsi_extreme': 1.8971107691106084, 'rsi_moderate': 1.7284044535944303, 'rsi_mild': 0.20369376170345613, 'stoch_extreme': 1.507902840494576, 'stoch_moderate': 0.9958817846411759, 'stoch_cross': 0.46213902894923514, 'mfi_extreme': 1.7992119533206752, 'mfi_moderate': 0.8738962398081095, 'cci_extreme': 1.1719929426688955, 'cci_moderate': 0.8324391392241194, 'wr_extreme': 1.8724806504967766, 'wr_moderate': 0.6104964712264439, 'sar': 0.4046818558205973, 'aroon': 0.31725514364965063, 'ma_trend': 0.3928579133609713, 'ema_cross': 0.21331505677923301, 'kdj_cross': 1.2753337127359712, 'kdj_j': 0.8622175564732047, 'bb_extreme': 1.7562537021106217, 'bb_moderate': 0.3573704656880839, 'volume': 0.25141240982194335, 'hammer': 0.9579370863810104, 'engulfing': 0.9607058128921147, 'rsi_divergence': 0.4509449660126539, 'trend_di': 0.47613308769984736, 'trend_rsi': 0.2964699342979711, 'range_bb': 0.2000693979615886}. Best is trial 64 with value: 747.2930745454603.
[I 2026-07-28 10:48:49,931] Trial 72 finished with value: 748.4020800791338 and parameters: {'rsi_extreme': 1.979157677347488, 'rsi_moderate': 1.7841697138227293, 'rsi_mild': 0.10230367403905158, 'stoch_extreme': 1.5805082564630866, 'stoch_moderate': 0.974244551041874, 'stoch_cross': 0.33547477374893075, 'mfi_extreme': 1.5445966768503065, 'mfi_moderate': 0.7999496603113756, 'cci_extreme': 1.2830663646881038, 'cci_moderate': 0.8045326508841218, 'wr_extreme': 1.9468774624268712, 'wr_moderate': 0.5825610319443792, 'sar': 0.4426232435499944, 'aroon': 0.2409079571801301, 'ma_trend': 0.35098355446838525, 'ema_cross': 0.27791506535233246, 'kdj_cross': 1.3322296713684376, 'kdj_j': 0.7870945391770507, 'bb_extreme': 1.9626334198137387, 'bb_moderate': 0.40617896815371574, 'volume': 0.21835426715601747, 'hammer': 1.2887214811359053, 'engulfing': 1.1142500783120317, 'rsi_divergence': 0.4202366647933935, 'trend_di': 0.3935806543882203, 'trend_rsi': 0.3524736291259445, 'range_bb': 0.22605383840910911}. Best is trial 72 with value: 748.4020800791338.
[I 2026-07-28 10:48:56,420] Trial 73 finished with value: 736.0980653067109 and parameters: {'rsi_extreme': 1.9969854841284975, 'rsi_moderate': 1.7675451498605528, 'rsi_mild': 0.10985863486362224, 'stoch_extreme': 1.7002157729447016, 'stoch_moderate': 0.9646993052451855, 'stoch_cross': 0.41760845676312514, 'mfi_extreme': 1.6737187686135522, 'mfi_moderate': 0.7953041909488662, 'cci_extreme': 1.2839202748636036, 'cci_moderate': 0.8068479201046102, 'wr_extreme': 1.9465392326526767, 'wr_moderate': 0.5602573169228242, 'sar': 0.43407529163618025, 'aroon': 0.24138906077516475, 'ma_trend': 0.3577558882030283, 'ema_cross': 0.27787155391057805, 'kdj_cross': 1.1940222844789798, 'kdj_j': 0.7264732301069718, 'bb_extreme': 1.8471929047721511, 'bb_moderate': 0.4153107942801042, 'volume': 0.21665681553106905, 'hammer': 1.3573371451261496, 'engulfing': 0.8250920546940455, 'rsi_divergence': 0.4255743430594028, 'trend_di': 0.3950019821423397, 'trend_rsi': 0.40842266143373906, 'range_bb': 0.22895411886213057}. Best is trial 72 with value: 748.4020800791338.
[I 2026-07-28 10:49:03,414] Trial 74 finished with value: 711.2516552157791 and parameters: {'rsi_extreme': 1.9921780287255726, 'rsi_moderate': 1.6822629243360891, 'rsi_mild': 0.13553750393515304, 'stoch_extreme': 1.6948397634303234, 'stoch_moderate': 0.9677662583545166, 'stoch_cross': 0.3376574387037473, 'mfi_extreme': 1.6069916630800265, 'mfi_moderate': 0.7993578524129753, 'cci_extreme': 1.2253602468404257, 'cci_moderate': 0.7659943660483862, 'wr_extreme': 1.9463879887871252, 'wr_moderate': 0.5977045513707966, 'sar': 0.43408320520555044, 'aroon': 0.43874218965357104, 'ma_trend': 0.3509279661080985, 'ema_cross': 0.35236969302283394, 'kdj_cross': 1.195700319269993, 'kdj_j': 0.7265670459285449, 'bb_extreme': 1.859471792170717, 'bb_moderate': 0.41178420606713395, 'volume': 0.2629140790420085, 'hammer': 1.342373853847699, 'engulfing': 0.8298365529766906, 'rsi_divergence': 0.40992814166005587, 'trend_di': 0.39485432386115155, 'trend_rsi': 0.4310823773311083, 'range_bb': 0.22981487209357176}. Best is trial 72 with value: 748.4020800791338.
[I 2026-07-28 10:49:10,507] Trial 75 finished with value: 695.584089123322 and parameters: {'rsi_extreme': 1.7707427621947536, 'rsi_moderate': 1.7497533407883592, 'rsi_mild': 0.10754330541614587, 'stoch_extreme': 1.6188914201504736, 'stoch_moderate': 0.8892326591547022, 'stoch_cross': 0.40992847146151223, 'mfi_extreme': 1.5242789831288763, 'mfi_moderate': 0.7825128859053024, 'cci_extreme': 1.2774606613964172, 'cci_moderate': 0.7986734438717566, 'wr_extreme': 1.8347442583169522, 'wr_moderate': 0.5338097160594119, 'sar': 0.383181939642162, 'aroon': 0.24005351098540212, 'ma_trend': 0.46643506868328677, 'ema_cross': 0.27609666480688444, 'kdj_cross': 1.3490068131586859, 'kdj_j': 0.7930549704299796, 'bb_extreme': 1.688083209231196, 'bb_moderate': 0.45359446428337197, 'volume': 0.22070727745550278, 'hammer': 1.4696981018697781, 'engulfing': 0.9088752529062551, 'rsi_divergence': 0.5191257659936855, 'trend_di': 0.33514924067731544, 'trend_rsi': 0.3476325274477722, 'range_bb': 0.2729546249483444}. Best is trial 72 with value: 748.4020800791338.
[I 2026-07-28 10:49:17,193] Trial 76 finished with value: 748.6576504023599 and parameters: {'rsi_extreme': 1.828156913457797, 'rsi_moderate': 1.607214681985018, 'rsi_mild': 0.11000599159737615, 'stoch_extreme': 1.7360633466833324, 'stoch_moderate': 0.9219083724102546, 'stoch_cross': 0.3039560552636591, 'mfi_extreme': 2.486501241900354, 'mfi_moderate': 0.9272187376632538, 'cci_extreme': 1.5000637533017802, 'cci_moderate': 0.9164757979275809, 'wr_extreme': 1.9484987567713674, 'wr_moderate': 0.5539595455179295, 'sar': 0.45146700752275715, 'aroon': 0.2845981465549332, 'ma_trend': 0.3767496549584453, 'ema_cross': 0.3852159035956236, 'kdj_cross': 1.1690180270120702, 'kdj_j': 0.7355102011963908, 'bb_extreme': 1.9991817315087843, 'bb_moderate': 0.498791978662704, 'volume': 0.2531562834987729, 'hammer': 1.6321907019469881, 'engulfing': 1.0710640817803703, 'rsi_divergence': 0.6218153707229155, 'trend_di': 0.40940684231747765, 'trend_rsi': 0.4203008511296379, 'range_bb': 0.200735816462061}. Best is trial 76 with value: 748.6576504023599.
Best trial: 78. Best value: 754.854:  84%|¨€¨€¨€¨€¨€¨€¨€¨€¨… | 84/100 [10:31<02:06,  7.93s/it]Best trial: 78. Best value: 754.854:  84%|¨€¨€¨€¨€¨€¨€¨€¨€¨… | 84/100 [10:31<02:06,  7.93s/it]Best trial: 78. Best value: 754.854:  85%|¨€¨€¨€¨€¨€¨€¨€¨€¨„ | 85/100 [10:31<01:57,  7.85s/it]                                                                                     Best trial: 78. Best value: 754.854:  85%|¨€¨€¨€¨€¨€¨€¨€¨€¨„ | 85/100 [10:39<01:57,  7.85s/it]Best trial: 78. Best value: 754.854:  85%|¨€¨€¨€¨€¨€¨€¨€¨€¨„ | 85/100 [10:39<01:57,  7.85s/it]Best trial: 78. Best value: 754.854:  86%|¨€¨€¨€¨€¨€¨€¨€¨€¨„ | 86/100 [10:39<01:49,  7.85s/it]                                                                                     Best trial: 78. Best value: 754.854:  86%|¨€¨€¨€¨€¨€¨€¨€¨€¨„ | 86/100 [10:46<01:49,  7.85s/it]Best trial: 86. Best value: 757.909:  86%|¨€¨€¨€¨€¨€¨€¨€¨€¨„ | 86/100 [10:46<01:49,  7.85s/it]Best trial: 86. Best value: 757.909:  87%|¨€¨€¨€¨€¨€¨€¨€¨€¨ƒ | 87/100 [10:46<01:39,  7.69s/it]                                                                                     Best trial: 86. Best value: 757.909:  87%|¨€¨€¨€¨€¨€¨€¨€¨€¨ƒ | 87/100 [10:53<01:39,  7.69s/it]Best trial: 86. Best value: 757.909:  87%|¨€¨€¨€¨€¨€¨€¨€¨€¨ƒ | 87/100 [10:53<01:39,  7.69s/it]Best trial: 86. Best value: 757.909:  88%|¨€¨€¨€¨€¨€¨€¨€¨€¨‚ | 88/100 [10:53<01:31,  7.60s/it]                                                                                     Best trial: 86. Best value: 757.909:  88%|¨€¨€¨€¨€¨€¨€¨€¨€¨‚ | 88/100 [11:01<01:31,  7.60s/it]Best trial: 88. Best value: 775.81:  88%|¨€¨€¨€¨€¨€¨€¨€¨€¨‚ | 88/100 [11:01<01:31,  7.60s/it] Best trial: 88. Best value: 775.81:  89%|¨€¨€¨€¨€¨€¨€¨€¨€¨ | 89/100 [11:01<01:23,  7.63s/it]                                                                                    Best trial: 88. Best value: 775.81:  89%|¨€¨€¨€¨€¨€¨€¨€¨€¨ | 89/100 [11:09<01:23,  7.63s/it]Best trial: 88. Best value: 775.81:  89%|¨€¨€¨€¨€¨€¨€¨€¨€¨ | 89/100 [11:09<01:23,  7.63s/it]Best trial: 88. Best value: 775.81:  90%|¨€¨€¨€¨€¨€¨€¨€¨€¨€ | 90/100 [11:09<01:16,  7.69s/it]                                                                                    Best trial: 88. Best value: 775.81:  90%|¨€¨€¨€¨€¨€¨€¨€¨€¨€ | 90/100 [11:17<01:16,  7.69s/it]Best trial: 88. Best value: 775.81:  90%|¨€¨€¨€¨€¨€¨€¨€¨€¨€ | 90/100 [11:17<01:16,  7.69s/it]Best trial: 88. Best value: 775.81:  91%|¨€¨€¨€¨€¨€¨€¨€¨€¨€ | 91/100 [11:17<01:09,  7.75s/it]                                                                                    [I 2026-07-28 10:49:23,944] Trial 77 finished with value: 740.1666318193617 and parameters: {'rsi_extreme': 1.8425402595403806, 'rsi_moderate': 1.506038711165151, 'rsi_mild': 0.15090205117132705, 'stoch_extreme': 1.7310922360532603, 'stoch_moderate': 0.9129626891581043, 'stoch_cross': 0.4295592002691642, 'mfi_extreme': 2.39319939514741, 'mfi_moderate': 0.9789126332341758, 'cci_extreme': 1.5300801296960354, 'cci_moderate': 0.9249373340182341, 'wr_extreme': 1.9512181631069483, 'wr_moderate': 0.5759679184553879, 'sar': 0.4504995638206375, 'aroon': 0.2932081027049919, 'ma_trend': 0.44798797567950105, 'ema_cross': 0.3944597181588105, 'kdj_cross': 0.5178062172424457, 'kdj_j': 0.6790290975899274, 'bb_extreme': 1.9933800734670661, 'bb_moderate': 0.5086746576471012, 'volume': 0.2507121268371034, 'hammer': 1.3781222918439433, 'engulfing': 1.0785767417632641, 'rsi_divergence': 0.6289129474224497, 'trend_di': 0.30675345267578763, 'trend_rsi': 0.43169455028924053, 'range_bb': 0.24700073566158207}. Best is trial 76 with value: 748.6576504023599.
[I 2026-07-28 10:49:31,325] Trial 78 finished with value: 754.8543073899256 and parameters: {'rsi_extreme': 2.0602348730926643, 'rsi_moderate': 1.5300734901240005, 'rsi_mild': 0.15021114366775623, 'stoch_extreme': 1.7081702324511452, 'stoch_moderate': 0.9121950759452365, 'stoch_cross': 0.3294473419121893, 'mfi_extreme': 2.391314168962337, 'mfi_moderate': 0.9718206127919619, 'cci_extreme': 1.672166582628031, 'cci_moderate': 0.9738703237511144, 'wr_extreme': 1.9620107928579245, 'wr_moderate': 0.5755501620918172, 'sar': 0.4573276129524376, 'aroon': 0.2920881266899178, 'ma_trend': 0.4459999603921254, 'ema_cross': 0.40336737704954423, 'kdj_cross': 0.38492899470738917, 'kdj_j': 0.6645246685243205, 'bb_extreme': 1.9982448195915747, 'bb_moderate': 0.5010856754886791, 'volume': 0.25103445338827135, 'hammer': 1.6124942335215275, 'engulfing': 1.075998162450114, 'rsi_divergence': 0.6427402599944907, 'trend_di': 0.31071234336749043, 'trend_rsi': 0.4459978408944084, 'range_bb': 0.3046560218585068}. Best is trial 78 with value: 754.8543073899256.
[I 2026-07-28 10:49:40,515] Trial 79 finished with value: 721.905488311661 and parameters: {'rsi_extreme': 1.8427607988385788, 'rsi_moderate': 1.369195971876502, 'rsi_mild': 0.22344621314754878, 'stoch_extreme': 1.7244142157156623, 'stoch_moderate': 0.9127706631488564, 'stoch_cross': 0.3002452983738363, 'mfi_extreme': 2.3952089948930926, 'mfi_moderate': 0.9847154591625983, 'cci_extreme': 1.6482794513764631, 'cci_moderate': 0.9722461364544641, 'wr_extreme': 1.9395793632368485, 'wr_moderate': 0.5643330846754852, 'sar': 0.46274389268200355, 'aroon': 0.29433737217860767, 'ma_trend': 0.603204405625654, 'ema_cross': 0.3959777285399022, 'kdj_cross': 0.43019275127217266, 'kdj_j': 0.6640408555037633, 'bb_extreme': 1.980529336645268, 'bb_moderate': 0.5076034716025055, 'volume': 0.25380280363533303, 'hammer': 1.6142685454659507, 'engulfing': 1.0956325490782377, 'rsi_divergence': 0.6811064495661165, 'trend_di': 0.3148060535016963, 'trend_rsi': 0.43094900530518565, 'range_bb': 0.3059199394165683}. Best is trial 78 with value: 754.8543073899256.
[I 2026-07-28 10:49:48,795] Trial 80 finished with value: 722.0696837361139 and parameters: {'rsi_extreme': 2.049909777244159, 'rsi_moderate': 1.5065862196619482, 'rsi_mild': 0.1209891188988383, 'stoch_extreme': 1.819947549948178, 'stoch_moderate': 0.8024606330266828, 'stoch_cross': 0.32662265066149204, 'mfi_extreme': 2.2248925365402177, 'mfi_moderate': 0.9665309485144555, 'cci_extreme': 1.5068680330629907, 'cci_moderate': 0.9154292069541055, 'wr_extreme': 1.956670661303508, 'wr_moderate': 0.6474405806297576, 'sar': 0.4971142293535722, 'aroon': 0.31693672144736024, 'ma_trend': 0.4429648268931322, 'ema_cross': 0.481288155035158, 'kdj_cross': 0.32274594905893544, 'kdj_j': 0.5903057028622841, 'bb_extreme': 1.9970907168811425, 'bb_moderate': 0.5753468570225738, 'volume': 0.3199832386951576, 'hammer': 1.6507592758820795, 'engulfing': 0.7389972246506308, 'rsi_divergence': 0.5977798470371606, 'trend_di': 0.39584986040663983, 'trend_rsi': 0.46609914649487844, 'range_bb': 0.3411133811144462}. Best is trial 78 with value: 754.8543073899256.
[I 2026-07-28 10:49:57,387] Trial 81 finished with value: 733.3194988168636 and parameters: {'rsi_extreme': 1.964443886336907, 'rsi_moderate': 1.5526623741094712, 'rsi_mild': 0.14512650854499304, 'stoch_extreme': 1.5790865888039256, 'stoch_moderate': 0.9668644409936835, 'stoch_cross': 0.42366644804173037, 'mfi_extreme': 2.4928548556651777, 'mfi_moderate': 0.9197946995181311, 'cci_extreme': 1.6704440264536293, 'cci_moderate': 0.9488449047318307, 'wr_extreme': 1.9640030649790374, 'wr_moderate': 0.572569533601463, 'sar': 0.5312070131377935, 'aroon': 0.25262604601309774, 'ma_trend': 0.496697329649494, 'ema_cross': 0.3845632325180741, 'kdj_cross': 0.5659315074829073, 'kdj_j': 0.7013240691099812, 'bb_extreme': 1.95680089887717, 'bb_moderate': 0.4943996295473462, 'volume': 0.20194068936239218, 'hammer': 1.5439642345048918, 'engulfing': 1.145471211514689, 'rsi_divergence': 0.5380436206063419, 'trend_di': 0.4428871705169402, 'trend_rsi': 0.41107933075430325, 'range_bb': 0.24656033019039153}. Best is trial 78 with value: 754.8543073899256.
[I 2026-07-28 10:50:05,342] Trial 82 finished with value: 733.4881530205994 and parameters: {'rsi_extreme': 1.7228439203102113, 'rsi_moderate': 1.6214909099970196, 'rsi_mild': 0.144105637268141, 'stoch_extreme': 1.7438799068316466, 'stoch_moderate': 0.8744503658498084, 'stoch_cross': 0.3459000121020646, 'mfi_extreme': 2.377172481025031, 'mfi_moderate': 0.9355317038500033, 'cci_extreme': 1.7277027613471676, 'cci_moderate': 0.8607489293941359, 'wr_extreme': 1.9271914539416786, 'wr_moderate': 0.536160027131028, 'sar': 0.4407025673317492, 'aroon': 0.2789382473647622, 'ma_trend': 0.37479402418340124, 'ema_cross': 0.44199692103231414, 'kdj_cross': 0.46155683689989424, 'kdj_j': 0.7260938757710709, 'bb_extreme': 1.8337487663752583, 'bb_moderate': 0.5213322225123626, 'volume': 0.23573060763296286, 'hammer': 1.4770727351689796, 'engulfing': 1.0276793427162998, 'rsi_divergence': 0.6504944210731666, 'trend_di': 0.3692244327733332, 'trend_rsi': 0.483595312685727, 'range_bb': 0.2166483902964415}. Best is trial 78 with value: 754.8543073899256.
[I 2026-07-28 10:50:13,039] Trial 83 finished with value: 675.0852968801935 and parameters: {'rsi_extreme': 1.836841635729084, 'rsi_moderate': 1.4482164025721542, 'rsi_mild': 0.12124206640403612, 'stoch_extreme': 1.642117045066933, 'stoch_moderate': 0.9255139838951632, 'stoch_cross': 0.43219411827581344, 'mfi_extreme': 2.4553269344950612, 'mfi_moderate': 0.8774136197276337, 'cci_extreme': 1.5837427608499248, 'cci_moderate': 0.9796360950871481, 'wr_extreme': 1.8033996214004224, 'wr_moderate': 0.43599149338086784, 'sar': 0.5438905645668678, 'aroon': 0.296687036296194, 'ma_trend': 0.4630495017208595, 'ema_cross': 0.5363992650284795, 'kdj_cross': 0.34717176734069666, 'kdj_j': 0.6123362194796891, 'bb_extreme': 1.857579249916937, 'bb_moderate': 0.43273068786418495, 'volume': 0.26708604012623205, 'hammer': 1.3729783017480912, 'engulfing': 0.7973813614749953, 'rsi_divergence': 0.4890901696772565, 'trend_di': 0.3030059600609557, 'trend_rsi': 0.45244820855210666, 'range_bb': 0.28078562027824117}. Best is trial 78 with value: 754.8543073899256.
