Best trial: 39. Best value: 746.094:  49%|¨€¨€¨€¨€¨     | 49/100 [06:03<05:59,  7.05s/it]Best trial: 39. Best value: 746.094:  49%|¨€¨€¨€¨€¨     | 49/100 [06:03<05:59,  7.05s/it]Best trial: 39. Best value: 746.094:  50%|¨€¨€¨€¨€¨€     | 50/100 [06:03<05:49,  6.99s/it]                                                                                     Best trial: 39. Best value: 746.094:  50%|¨€¨€¨€¨€¨€     | 50/100 [06:11<05:49,  6.99s/it]Best trial: 39. Best value: 746.094:  50%|¨€¨€¨€¨€¨€     | 50/100 [06:11<05:49,  6.99s/it]Best trial: 39. Best value: 746.094:  51%|¨€¨€¨€¨€¨€     | 51/100 [06:11<05:57,  7.30s/it]                                                                                     Best trial: 39. Best value: 746.094:  51%|¨€¨€¨€¨€¨€     | 51/100 [06:19<05:57,  7.30s/it]Best trial: 39. Best value: 746.094:  51%|¨€¨€¨€¨€¨€     | 51/100 [06:19<05:57,  7.30s/it]Best trial: 39. Best value: 746.094:  52%|¨€¨€¨€¨€¨€¨‡    | 52/100 [06:19<05:59,  7.48s/it]                                                                                     Best trial: 39. Best value: 746.094:  52%|¨€¨€¨€¨€¨€¨‡    | 52/100 [06:27<05:59,  7.48s/it]Best trial: 39. Best value: 746.094:  52%|¨€¨€¨€¨€¨€¨‡    | 52/100 [06:27<05:59,  7.48s/it]Best trial: 39. Best value: 746.094:  53%|¨€¨€¨€¨€¨€¨†    | 53/100 [06:27<05:51,  7.49s/it]                                                                                     Best trial: 39. Best value: 746.094:  53%|¨€¨€¨€¨€¨€¨†    | 53/100 [06:34<05:51,  7.49s/it]Best trial: 39. Best value: 746.094:  53%|¨€¨€¨€¨€¨€¨†    | 53/100 [06:34<05:51,  7.49s/it]Best trial: 39. Best value: 746.094:  54%|¨€¨€¨€¨€¨€¨…    | 54/100 [06:34<05:41,  7.41s/it]                                                                                     Best trial: 39. Best value: 746.094:  54%|¨€¨€¨€¨€¨€¨…    | 54/100 [06:41<05:41,  7.41s/it]Best trial: 39. Best value: 746.094:  54%|¨€¨€¨€¨€¨€¨…    | 54/100 [06:41<05:41,  7.41s/it]Best trial: 39. Best value: 746.094:  55%|¨€¨€¨€¨€¨€¨„    | 55/100 [06:41<05:35,  7.45s/it]                                                                                     Best trial: 39. Best value: 746.094:  55%|¨€¨€¨€¨€¨€¨„    | 55/100 [06:49<05:35,  7.45s/it]Best trial: 39. Best value: 746.094:  55%|¨€¨€¨€¨€¨€¨„    | 55/100 [06:49<05:35,  7.45s/it]Best trial: 39. Best value: 746.094:  56%|¨€¨€¨€¨€¨€¨„    | 56/100 [06:49<05:29,  7.48s/it]                                                                                     [I 2026-07-28 10:45:03,626] Trial 42 finished with value: 717.8382973191241 and parameters: {'rsi_extreme': 2.136367448283182, 'rsi_moderate': 1.885454790957628, 'rsi_mild': 0.7020740969233958, 'stoch_extreme': 1.3743697987368575, 'stoch_moderate': 0.9486037240623421, 'stoch_cross': 0.38774586421800533, 'mfi_extreme': 1.4508806430239267, 'mfi_moderate': 0.640427079873284, 'cci_extreme': 1.1287776768668143, 'cci_moderate': 0.6378960535505297, 'wr_extreme': 1.903125805250728, 'wr_moderate': 0.9950467429744029, 'sar': 0.7695016821642496, 'aroon': 0.20473811739229628, 'ma_trend': 0.3130610087498809, 'ema_cross': 0.14790275048634172, 'kdj_cross': 1.4009966733063721, 'kdj_j': 0.960646203064556, 'bb_extreme': 1.9184051250673586, 'bb_moderate': 0.2513305745887857, 'volume': 0.3021285332993937, 'hammer': 1.1446963499520888, 'engulfing': 1.2226121673701544, 'rsi_divergence': 0.31412981182542243, 'trend_di': 0.6677387720462413, 'trend_rsi': 0.15842790866103212, 'range_bb': 0.21104497867685432}. Best is trial 39 with value: 746.0941941667999.
[I 2026-07-28 10:45:11,750] Trial 43 finished with value: 683.9020321669437 and parameters: {'rsi_extreme': 2.2596208631865813, 'rsi_moderate': 1.9180295237657297, 'rsi_mild': 0.7183585290579023, 'stoch_extreme': 1.206780138657206, 'stoch_moderate': 0.9899550516184284, 'stoch_cross': 0.38428825461860494, 'mfi_extreme': 1.2761157322004586, 'mfi_moderate': 0.6474938681762574, 'cci_extreme': 1.1674750838048236, 'cci_moderate': 0.5613959692919808, 'wr_extreme': 1.7404467597036553, 'wr_moderate': 0.9216917265602521, 'sar': 0.7521303385983003, 'aroon': 0.32368714112780184, 'ma_trend': 0.39719481152442493, 'ema_cross': 0.150042151995472, 'kdj_cross': 1.4862572855569443, 'kdj_j': 0.9017677124021044, 'bb_extreme': 1.9352106738326678, 'bb_moderate': 0.27054681818555343, 'volume': 0.3260689599987453, 'hammer': 0.9887919355062035, 'engulfing': 0.9014225114906939, 'rsi_divergence': 0.5083053752330665, 'trend_di': 0.6209871330353515, 'trend_rsi': 0.2140871101677345, 'range_bb': 0.2591530558071326}. Best is trial 39 with value: 746.0941941667999.
[I 2026-07-28 10:45:18,867] Trial 44 finished with value: 720.5119198221693 and parameters: {'rsi_extreme': 2.363735428663403, 'rsi_moderate': 1.8615672792248266, 'rsi_mild': 0.6424453561890008, 'stoch_extreme': 1.3368057149433286, 'stoch_moderate': 0.9536844159776842, 'stoch_cross': 0.5061243414196381, 'mfi_extreme': 1.2657373643129708, 'mfi_moderate': 0.5475974535194454, 'cci_extreme': 1.3529575773045819, 'cci_moderate': 0.6132450847541895, 'wr_extreme': 1.9981762834077608, 'wr_moderate': 0.999555461513363, 'sar': 0.682568901679809, 'aroon': 0.2051728516753118, 'ma_trend': 0.31213066275891777, 'ema_cross': 0.2631207064264173, 'kdj_cross': 1.3835596192907398, 'kdj_j': 0.9807651679350035, 'bb_extreme': 1.933165232331696, 'bb_moderate': 0.3307120289519422, 'volume': 0.28451991735897975, 'hammer': 0.8408963592939123, 'engulfing': 1.296433731144413, 'rsi_divergence': 0.7831217453479427, 'trend_di': 0.7984290651820823, 'trend_rsi': 0.1578367158742485, 'range_bb': 0.2679147115988361}. Best is trial 39 with value: 746.0941941667999.
[I 2026-07-28 10:45:25,607] Trial 45 finished with value: 662.9092754540371 and parameters: {'rsi_extreme': 2.409774229253541, 'rsi_moderate': 1.853698151848164, 'rsi_mild': 0.6583389215893662, 'stoch_extreme': 1.1537719524372123, 'stoch_moderate': 0.9281287631907, 'stoch_cross': 0.5035775142658423, 'mfi_extreme': 1.3036300596890498, 'mfi_moderate': 0.5288965164377027, 'cci_extreme': 1.3529823655268147, 'cci_moderate': 0.37289269553518906, 'wr_extreme': 1.860766303175993, 'wr_moderate': 0.929495403375183, 'sar': 0.6040917754214439, 'aroon': 0.2623203859845158, 'ma_trend': 0.3964381856548926, 'ema_cross': 0.2507497959487964, 'kdj_cross': 1.356266747371923, 'kdj_j': 0.8528389702162906, 'bb_extreme': 1.775208596658487, 'bb_moderate': 0.3328875661543399, 'volume': 0.27810408926173785, 'hammer': 0.7991975272811693, 'engulfing': 0.5938694677146217, 'rsi_divergence': 0.8009159039960434, 'trend_di': 0.8052808146249174, 'trend_rsi': 0.22220971539037437, 'range_bb': 0.2598352710736578}. Best is trial 39 with value: 746.0941941667999.
[I 2026-07-28 10:45:32,744] Trial 46 finished with value: 578.4023668639054 and parameters: {'rsi_extreme': 2.3804581403321743, 'rsi_moderate': 1.952269565520514, 'rsi_mild': 0.7643818583903481, 'stoch_extreme': 1.4933462281256802, 'stoch_moderate': 0.8653829144674469, 'stoch_cross': 0.528926827545016, 'mfi_extreme': 1.1630237467070172, 'mfi_moderate': 0.564034053384909, 'cci_extreme': 1.5195067335195367, 'cci_moderate': 0.7721103894279496, 'wr_extreme': 1.9920826383012862, 'wr_moderate': 0.9035055327244033, 'sar': 0.9719615211547846, 'aroon': 0.29100561744290665, 'ma_trend': 0.35081626971381735, 'ema_cross': 0.2023935683597501, 'kdj_cross': 1.440048442919951, 'kdj_j': 0.9965237967817193, 'bb_extreme': 0.5744807629368092, 'bb_moderate': 0.39201771175926503, 'volume': 0.22816340769323556, 'hammer': 0.7902235308390048, 'engulfing': 1.402651103275269, 'rsi_divergence': 0.7942958260468652, 'trend_di': 0.5341023282986841, 'trend_rsi': 0.3204354063227608, 'range_bb': 0.28584601046056085}. Best is trial 39 with value: 746.0941941667999.
[I 2026-07-28 10:45:39,665] Trial 47 finished with value: 542.8435333964006 and parameters: {'rsi_extreme': 2.0717313736195986, 'rsi_moderate': 1.9373779305236363, 'rsi_mild': 0.632011131601712, 'stoch_extreme': 1.3341620839212238, 'stoch_moderate': 0.9762272703808296, 'stoch_cross': 0.4607151192227916, 'mfi_extreme': 1.3286135830170038, 'mfi_moderate': 0.43638169646996977, 'cci_extreme': 1.0691123728124627, 'cci_moderate': 0.5113002658546922, 'wr_extreme': 1.9350373998380848, 'wr_moderate': 0.9528814995659962, 'sar': 0.6726149077254181, 'aroon': 0.3529099460337543, 'ma_trend': 0.42183028479597817, 'ema_cross': 0.2594067812309726, 'kdj_cross': 1.2237305475103988, 'kdj_j': 0.9161330046512778, 'bb_extreme': 0.8316559911336372, 'bb_moderate': 0.2002499262363472, 'volume': 0.34613814132417575, 'hammer': 1.0539552523503202, 'engulfing': 1.0160147346902355, 'rsi_divergence': 0.4545289845853765, 'trend_di': 0.7744414075434672, 'trend_rsi': 0.14227335435547792, 'range_bb': 0.3568345840570305}. Best is trial 39 with value: 746.0941941667999.
[I 2026-07-28 10:45:46,394] Trial 48 finished with value: 630.2116024778312 and parameters: {'rsi_extreme': 2.003388135408473, 'rsi_moderate': 1.651791219757522, 'rsi_mild': 0.7991442692399437, 'stoch_extreme': 1.5821639054682066, 'stoch_moderate': 0.2634296178619042, 'stoch_cross': 0.3001134243938226, 'mfi_extreme': 1.6489559821032278, 'mfi_moderate': 0.7034713451763214, 'cci_extreme': 1.461695095479188, 'cci_moderate': 0.5993965251503671, 'wr_extreme': 1.7243774870948136, 'wr_moderate': 0.9887423784005137, 'sar': 0.5845925530127408, 'aroon': 0.22537144819462995, 'ma_trend': 0.5459216632198227, 'ema_cross': 0.40762842218392964, 'kdj_cross': 1.34823077848812, 'kdj_j': 0.9691647505215145, 'bb_extreme': 1.926771518800762, 'bb_moderate': 0.4281764275030826, 'volume': 0.41129512460647477, 'hammer': 1.2997651086507649, 'engulfing': 1.1497444905572443, 'rsi_divergence': 0.6534381225937778, 'trend_di': 0.8618605783989026, 'trend_rsi': 0.18353565855948967, 'range_bb': 0.24148755520233608}. Best is trial 39 with value: 746.0941941667999.
Best trial: 39. Best value: 746.094:  56%|¨€¨€¨€¨€¨€¨„    | 56/100 [06:57<05:29,  7.48s/it]Best trial: 39. Best value: 746.094:  56%|¨€¨€¨€¨€¨€¨„    | 56/100 [06:57<05:29,  7.48s/it]Best trial: 39. Best value: 746.094:  57%|¨€¨€¨€¨€¨€¨ƒ    | 57/100 [06:57<05:32,  7.74s/it]                                                                                     Best trial: 39. Best value: 746.094:  57%|¨€¨€¨€¨€¨€¨ƒ    | 57/100 [07:05<05:32,  7.74s/it]Best trial: 39. Best value: 746.094:  57%|¨€¨€¨€¨€¨€¨ƒ    | 57/100 [07:05<05:32,  7.74s/it]Best trial: 39. Best value: 746.094:  58%|¨€¨€¨€¨€¨€¨‚    | 58/100 [07:05<05:21,  7.65s/it]                                                                                     Best trial: 39. Best value: 746.094:  58%|¨€¨€¨€¨€¨€¨‚    | 58/100 [07:13<05:21,  7.65s/it]Best trial: 39. Best value: 746.094:  58%|¨€¨€¨€¨€¨€¨‚    | 58/100 [07:13<05:21,  7.65s/it]Best trial: 39. Best value: 746.094:  59%|¨€¨€¨€¨€¨€¨    | 59/100 [07:13<05:23,  7.90s/it]                                                                                     Best trial: 39. Best value: 746.094:  59%|¨€¨€¨€¨€¨€¨    | 59/100 [07:21<05:23,  7.90s/it]Best trial: 39. Best value: 746.094:  59%|¨€¨€¨€¨€¨€¨    | 59/100 [07:21<05:23,  7.90s/it]Best trial: 39. Best value: 746.094:  60%|¨€¨€¨€¨€¨€¨€    | 60/100 [07:21<05:18,  7.97s/it]                                                                                     Best trial: 39. Best value: 746.094:  60%|¨€¨€¨€¨€¨€¨€    | 60/100 [07:30<05:18,  7.97s/it]Best trial: 39. Best value: 746.094:  60%|¨€¨€¨€¨€¨€¨€    | 60/100 [07:30<05:18,  7.97s/it]Best trial: 39. Best value: 746.094:  61%|¨€¨€¨€¨€¨€¨€    | 61/100 [07:30<05:20,  8.23s/it]                                                                                     Best trial: 39. Best value: 746.094:  61%|¨€¨€¨€¨€¨€¨€    | 61/100 [07:38<05:20,  8.23s/it]Best trial: 39. Best value: 746.094:  61%|¨€¨€¨€¨€¨€¨€    | 61/100 [07:38<05:20,  8.23s/it]Best trial: 39. Best value: 746.094:  62%|¨€¨€¨€¨€¨€¨€¨‡   | 62/100 [07:38<05:10,  8.16s/it]                                                                                     Best trial: 39. Best value: 746.094:  62%|¨€¨€¨€¨€¨€¨€¨‡   | 62/100 [07:46<05:10,  8.16s/it]Best trial: 39. Best value: 746.094:  62%|¨€¨€¨€¨€¨€¨€¨‡   | 62/100 [07:46<05:10,  8.16s/it]Best trial: 39. Best value: 746.094:  63%|¨€¨€¨€¨€¨€¨€¨†   | 63/100 [07:46<05:00,  8.11s/it]                                                                                     [I 2026-07-28 10:45:53,265] Trial 49 finished with value: 648.5534291863648 and parameters: {'rsi_extreme': 2.4933792621994892, 'rsi_moderate': 1.824533740868639, 'rsi_mild': 0.7428052000833478, 'stoch_extreme': 1.0644109879178787, 'stoch_moderate': 0.8552609468654768, 'stoch_cross': 0.6932040525147642, 'mfi_extreme': 1.184828299849831, 'mfi_moderate': 0.5485259322726653, 'cci_extreme': 1.3312519116853463, 'cci_moderate': 0.6820670081931579, 'wr_extreme': 1.8642182682058792, 'wr_moderate': 0.8290750388882279, 'sar': 0.8544672254121187, 'aroon': 0.3075640116247397, 'ma_trend': 0.3135415140863643, 'ema_cross': 0.13201791047766576, 'kdj_cross': 1.460452479678873, 'kdj_j': 0.8658670531278454, 'bb_extreme': 1.5525254247319267, 'bb_moderate': 0.32008268974573173, 'volume': 0.20310419543817124, 'hammer': 0.5696432097724926, 'engulfing': 0.8353799849001144, 'rsi_divergence': 0.9806202547397662, 'trend_di': 0.5027283893823452, 'trend_rsi': 0.2294231734054089, 'range_bb': 0.35683318710572204}. Best is trial 39 with value: 746.0941941667999.
[I 2026-07-28 10:46:01,280] Trial 50 finished with value: 667.5767634312704 and parameters: {'rsi_extreme': 1.8321950156026894, 'rsi_moderate': 1.9429536551853621, 'rsi_mild': 0.6831076460818453, 'stoch_extreme': 1.4678886369274964, 'stoch_moderate': 0.913410988116059, 'stoch_cross': 0.536087036333549, 'mfi_extreme': 1.0009363422246143, 'mfi_moderate': 0.5881950196388767, 'cci_extreme': 1.1961733464039102, 'cci_moderate': 0.4567387767862886, 'wr_extreme': 1.9512138903564702, 'wr_moderate': 0.8879739594499514, 'sar': 0.6806234756504941, 'aroon': 0.3761063641084726, 'ma_trend': 0.3798075639590968, 'ema_cross': 0.1634008753751489, 'kdj_cross': 1.2352919300829444, 'kdj_j': 0.9111178018743604, 'bb_extreme': 1.675133556784349, 'bb_moderate': 0.37567752484480105, 'volume': 0.34096951366232187, 'hammer': 1.2159978481774423, 'engulfing': 1.4267786104845002, 'rsi_divergence': 0.5570795383362078, 'trend_di': 0.7147450623598395, 'trend_rsi': 0.17697464791351342, 'range_bb': 0.30353983812129137}. Best is trial 39 with value: 746.0941941667999.
[I 2026-07-28 10:46:09,193] Trial 51 finished with value: 730.2804718967262 and parameters: {'rsi_extreme': 2.1815353815859218, 'rsi_moderate': 1.8755063479312357, 'rsi_mild': 0.6908979561566759, 'stoch_extreme': 1.3458230418699888, 'stoch_moderate': 0.999900228868861, 'stoch_cross': 0.39194372755355095, 'mfi_extreme': 1.4186802360520347, 'mfi_moderate': 0.6325051201325387, 'cci_extreme': 1.1087840846955226, 'cci_moderate': 0.7413702432051699, 'wr_extreme': 1.8967238074621215, 'wr_moderate': 0.9967752427239561, 'sar': 0.76324686383377, 'aroon': 0.2038324114675795, 'ma_trend': 0.30500453708815717, 'ema_cross': 0.13161923152704894, 'kdj_cross': 1.374174864050233, 'kdj_j': 0.9619222487350952, 'bb_extreme': 1.9398475142434084, 'bb_moderate': 0.2713216094236855, 'volume': 0.28161798413838324, 'hammer': 0.8941060301536539, 'engulfing': 1.2892980404582728, 'rsi_divergence': 0.3007701773346895, 'trend_di': 0.6425068795567282, 'trend_rsi': 0.14705143935164525, 'range_bb': 0.20208407288401387}. Best is trial 39 with value: 746.0941941667999.
[I 2026-07-28 10:46:16,681] Trial 52 finished with value: 701.9278651287674 and parameters: {'rsi_extreme': 2.2267740554149418, 'rsi_moderate': 1.79941424731985, 'rsi_mild': 0.625988106505757, 'stoch_extreme': 1.1953702660926546, 'stoch_moderate': 0.9980839053846469, 'stoch_cross': 0.3926388089772943, 'mfi_extreme': 1.2138546201649905, 'mfi_moderate': 0.6214908892871659, 'cci_extreme': 1.0856275951842398, 'cci_moderate': 0.8184164031560553, 'wr_extreme': 1.7493594167850017, 'wr_moderate': 0.9354741061549442, 'sar': 0.811052549853398, 'aroon': 0.26689661692172384, 'ma_trend': 0.30610896600125687, 'ema_cross': 0.12503505626146522, 'kdj_cross': 1.4197028372974851, 'kdj_j': 0.811145326065423, 'bb_extreme': 1.9755226552370766, 'bb_moderate': 0.49752704948238086, 'volume': 0.29469758552443004, 'hammer': 0.8914172505783489, 'engulfing': 2.0094184687214702, 'rsi_divergence': 0.40344796111040726, 'trend_di': 1.1686329230158357, 'trend_rsi': 0.1272049678285223, 'range_bb': 0.22364029942453037}. Best is trial 39 with value: 746.0941941667999.
[I 2026-07-28 10:46:23,928] Trial 53 finished with value: 658.4413132181978 and parameters: {'rsi_extreme': 2.302494016524036, 'rsi_moderate': 1.8597916607028582, 'rsi_mild': 0.590126113155415, 'stoch_extreme': 1.2577929090806457, 'stoch_moderate': 0.9523206269298673, 'stoch_cross': 0.4782338157712861, 'mfi_extreme': 1.5606030731273777, 'mfi_moderate': 0.8313457700725929, 'cci_extreme': 1.448373045053738, 'cci_moderate': 0.7304601433213266, 'wr_extreme': 1.8784735653679356, 'wr_moderate': 0.9981363302700677, 'sar': 0.7158905970769229, 'aroon': 0.23512370976169206, 'ma_trend': 0.4284913490053228, 'ema_cross': 0.7029429021936102, 'kdj_cross': 1.2663915422524255, 'kdj_j': 0.999569274954254, 'bb_extreme': 1.7777563669693974, 'bb_moderate': 0.23943450869900462, 'volume': 0.43730398495589173, 'hammer': 0.6511215263754501, 'engulfing': 1.3207408035314367, 'rsi_divergence': 0.7545153581784809, 'trend_di': 0.6178556631532959, 'trend_rsi': 0.17074972883763248, 'range_bb': 0.20060707062650962}. Best is trial 39 with value: 746.0941941667999.
[I 2026-07-28 10:46:31,462] Trial 54 finished with value: 678.8109567695502 and parameters: {'rsi_extreme': 2.552841041281321, 'rsi_moderate': 1.6490304516283798, 'rsi_mild': 0.7130065303398255, 'stoch_extreme': 1.4238908436552273, 'stoch_moderate': 0.912943373855544, 'stoch_cross': 1.2879485117402085, 'mfi_extreme': 1.381272221450569, 'mfi_moderate': 0.4663725513856342, 'cci_extreme': 1.184657188412126, 'cci_moderate': 0.7388624886893814, 'wr_extreme': 1.6886646835084744, 'wr_moderate': 0.9634018002014405, 'sar': 0.7181450273204125, 'aroon': 0.28173402437066053, 'ma_trend': 0.5167319950683863, 'ema_cross': 0.10097960786168887, 'kdj_cross': 1.3645514101644574, 'kdj_j': 0.9748953375293089, 'bb_extreme': 1.9319629357600732, 'bb_moderate': 0.29017617165210335, 'volume': 0.38754924673108343, 'hammer': 1.3496216571474624, 'engulfing': 1.5589722700198254, 'rsi_divergence': 0.38836920653363705, 'trend_di': 0.734829622635002, 'trend_rsi': 0.1324996772246698, 'range_bb': 0.25830441140372395}. Best is trial 39 with value: 746.0941941667999.
[I 2026-07-28 10:46:39,014] Trial 55 finished with value: 707.7302993736065 and parameters: {'rsi_extreme': 1.7849509401497288, 'rsi_moderate': 1.569363916917704, 'rsi_mild': 0.7617463251103347, 'stoch_extreme': 1.3229643138411744, 'stoch_moderate': 0.9560606572390525, 'stoch_cross': 0.6007820410105662, 'mfi_extreme': 1.4793346960057185, 'mfi_moderate': 0.7047824872055075, 'cci_extreme': 1.067594153419931, 'cci_moderate': 0.6830699920610331, 'wr_extreme': 1.986494148263336, 'wr_moderate': 0.9123153563322215, 'sar': 0.6300656103331042, 'aroon': 0.3307928548323941, 'ma_trend': 0.3565865176545034, 'ema_cross': 0.2009082606490017, 'kdj_cross': 1.4997673266672795, 'kdj_j': 0.8754159403606463, 'bb_extreme': 1.9991244401910615, 'bb_moderate': 0.5773038934628787, 'volume': 0.9945787350534017, 'hammer': 0.8818280581687417, 'engulfing': 0.7426883549781113, 'rsi_divergence': 0.610069233708846, 'trend_di': 0.4333139814895737, 'trend_rsi': 0.20686753347028802, 'range_bb': 0.9855487799998752}. Best is trial 39 with value: 746.0941941667999.
