[I 2026-07-28 10:41:29,863] Trial 13 finished with value: 640.5443776648932 and parameters: {'rsi_extreme': 1.00778830700706, 'rsi_moderate': 1.4351374190532378, 'rsi_mild': 0.3033714542316212, 'stoch_extreme': 2.486915794215399, 'stoch_moderate': 0.5768560773779945, 'stoch_cross': 0.3070997011080371, 'mfi_extreme': 2.1825158711928903, 'mfi_moderate': 0.7566838074880695, 'cci_extreme': 2.4862765138773266, 'cci_moderate': 0.726011061176138, 'wr_extreme': 1.005530848551455, 'wr_moderate': 0.8369835710620092, 'sar': 0.20278510858080306, 'aroon': 0.52333500338893, 'ma_trend': 0.9017388994200017, 'ema_cross': 0.2794182425536219, 'kdj_cross': 1.2376541763330349, 'kdj_j': 0.7733752611207345, 'bb_extreme': 1.8035290862957027, 'bb_moderate': 0.6291989107372808, 'volume': 0.5367379975915909, 'hammer': 1.5341229744804707, 'engulfing': 2.4631815399808117, 'rsi_divergence': 1.7339313299853933, 'trend_di': 1.470361225530694, 'trend_rsi': 0.6593410971730045, 'range_bb': 0.5383430273566063}. Best is trial 13 with value: 640.5443776648932.
Best trial: 14. Best value: 678.54:  21%|¨€¨€        | 21/100 [02:36<09:21,  7.11s/it]Best trial: 14. Best value: 678.54:  21%|¨€¨€        | 21/100 [02:36<09:21,  7.11s/it]Best trial: 14. Best value: 678.54:  22%|¨€¨€¨‡       | 22/100 [02:36<09:16,  7.13s/it]                                                                                    Best trial: 14. Best value: 678.54:  22%|¨€¨€¨‡       | 22/100 [02:44<09:16,  7.13s/it]Best trial: 14. Best value: 678.54:  22%|¨€¨€¨‡       | 22/100 [02:44<09:16,  7.13s/it]Best trial: 14. Best value: 678.54:  23%|¨€¨€¨†       | 23/100 [02:44<09:12,  7.17s/it]                                                                                    Best trial: 14. Best value: 678.54:  23%|¨€¨€¨†       | 23/100 [02:51<09:12,  7.17s/it]Best trial: 23. Best value: 687.969:  23%|¨€¨€¨†       | 23/100 [02:51<09:12,  7.17s/it]Best trial: 23. Best value: 687.969:  24%|¨€¨€¨…       | 24/100 [02:51<09:04,  7.16s/it]                                                                                     Best trial: 23. Best value: 687.969:  24%|¨€¨€¨…       | 24/100 [02:58<09:04,  7.16s/it]Best trial: 23. Best value: 687.969:  24%|¨€¨€¨…       | 24/100 [02:58<09:04,  7.16s/it]Best trial: 23. Best value: 687.969:  25%|¨€¨€¨„       | 25/100 [02:58<08:58,  7.18s/it]                                                                                     Best trial: 23. Best value: 687.969:  25%|¨€¨€¨„       | 25/100 [03:06<08:58,  7.18s/it]Best trial: 23. Best value: 687.969:  25%|¨€¨€¨„       | 25/100 [03:06<08:58,  7.18s/it]Best trial: 23. Best value: 687.969:  26%|¨€¨€¨„       | 26/100 [03:06<09:05,  7.37s/it]                                                                                     Best trial: 23. Best value: 687.969:  26%|¨€¨€¨„       | 26/100 [03:13<09:05,  7.37s/it]Best trial: 23. Best value: 687.969:  26%|¨€¨€¨„       | 26/100 [03:13<09:05,  7.37s/it]Best trial: 23. Best value: 687.969:  27%|¨€¨€¨ƒ       | 27/100 [03:13<08:56,  7.35s/it]                                                                                     Best trial: 23. Best value: 687.969:  27%|¨€¨€¨ƒ       | 27/100 [03:20<08:56,  7.35s/it]Best trial: 23. Best value: 687.969:  27%|¨€¨€¨ƒ       | 27/100 [03:20<08:56,  7.35s/it]Best trial: 23. Best value: 687.969:  28%|¨€¨€¨‚       | 28/100 [03:20<08:45,  7.31s/it]                                                                                     [I 2026-07-28 10:41:36,568] Trial 14 finished with value: 678.5402041963429 and parameters: {'rsi_extreme': 1.1072446634482882, 'rsi_moderate': 1.5617599078138658, 'rsi_mild': 0.4962455205163072, 'stoch_extreme': 2.48938279658551, 'stoch_moderate': 0.5931041668187294, 'stoch_cross': 0.6561361960222516, 'mfi_extreme': 2.151960775172598, 'mfi_moderate': 0.7519421773121246, 'cci_extreme': 2.4555697073527067, 'cci_moderate': 1.1791611722796693, 'wr_extreme': 1.2872231587737528, 'wr_moderate': 0.8613318958884835, 'sar': 0.2146497584724093, 'aroon': 0.502465397702152, 'ma_trend': 1.051920362303107, 'ema_cross': 0.28902423184248016, 'kdj_cross': 1.0213466035947418, 'kdj_j': 0.8090150533878666, 'bb_extreme': 1.8440588020636377, 'bb_moderate': 0.6732622581619807, 'volume': 0.5284570885120297, 'hammer': 1.5650208327800226, 'engulfing': 2.4876517096078405, 'rsi_divergence': 1.6848709362893202, 'trend_di': 1.4584113510923045, 'trend_rsi': 0.6170394925327217, 'range_bb': 0.502257663825517}. Best is trial 14 with value: 678.5402041963429.
[I 2026-07-28 10:41:43,311] Trial 15 finished with value: 653.56216980367 and parameters: {'rsi_extreme': 1.166363772225771, 'rsi_moderate': 1.63900721253242, 'rsi_mild': 0.29897487936400435, 'stoch_extreme': 2.122467812119957, 'stoch_moderate': 0.5745605005042702, 'stoch_cross': 0.562529111583271, 'mfi_extreme': 2.149152512875212, 'mfi_moderate': 0.7732821971080792, 'cci_extreme': 2.4885495396059087, 'cci_moderate': 0.9261631303514415, 'wr_extreme': 1.3186744285512144, 'wr_moderate': 0.898838755112041, 'sar': 0.3720218028566097, 'aroon': 0.6469774530527653, 'ma_trend': 1.0192470759618446, 'ema_cross': 0.2976721871704694, 'kdj_cross': 0.9008318108191506, 'kdj_j': 0.8090728271688253, 'bb_extreme': 1.9903336364196855, 'bb_moderate': 0.7062050630067653, 'volume': 0.25881283339658845, 'hammer': 1.581841597167774, 'engulfing': 2.4487602913676, 'rsi_divergence': 1.6477348234816056, 'trend_di': 1.4543405154603386, 'trend_rsi': 0.5555611913728193, 'range_bb': 0.4888455399715027}. Best is trial 14 with value: 678.5402041963429.
[I 2026-07-28 10:41:50,278] Trial 16 finished with value: 649.6773272861485 and parameters: {'rsi_extreme': 1.2837941785754392, 'rsi_moderate': 1.7158540723314675, 'rsi_mild': 0.5034574221772493, 'stoch_extreme': 2.0886347994856456, 'stoch_moderate': 0.8264459848310017, 'stoch_cross': 0.5716964094668194, 'mfi_extreme': 2.150101009414523, 'mfi_moderate': 0.6023986172901177, 'cci_extreme': 2.00244005861332, 'cci_moderate': 0.9505240747528311, 'wr_extreme': 1.3323227158961133, 'wr_moderate': 0.9850042022391943, 'sar': 0.365954315096075, 'aroon': 0.7187054529084138, 'ma_trend': 1.0776312576225626, 'ema_cross': 0.33545547372344486, 'kdj_cross': 0.8658140057238333, 'kdj_j': 0.8445783455845678, 'bb_extreme': 1.9746560758502736, 'bb_moderate': 0.6878450474932372, 'volume': 0.20789398277438814, 'hammer': 1.9892683381062835, 'engulfing': 2.2452255258502585, 'rsi_divergence': 1.6301466294502212, 'trend_di': 1.355415526777453, 'trend_rsi': 0.5034921297382495, 'range_bb': 0.46693540663293076}. Best is trial 14 with value: 678.5402041963429.
[I 2026-07-28 10:41:57,526] Trial 17 finished with value: 613.2079083406643 and parameters: {'rsi_extreme': 1.260984706443574, 'rsi_moderate': 1.6197095611193328, 'rsi_mild': 0.4116405299202396, 'stoch_extreme': 2.127594163397559, 'stoch_moderate': 0.5756697127227233, 'stoch_cross': 0.9456574252340033, 'mfi_extreme': 1.744289863999044, 'mfi_moderate': 0.8165562668718387, 'cci_extreme': 2.092772039336614, 'cci_moderate': 0.9458400293463676, 'wr_extreme': 1.2810388934203556, 'wr_moderate': 0.8899639554629304, 'sar': 0.44392451573171715, 'aroon': 0.6569946217723452, 'ma_trend': 1.0282977239285334, 'ema_cross': 0.3571922916117235, 'kdj_cross': 0.9060587334775076, 'kdj_j': 0.8902900032388198, 'bb_extreme': 1.7346567494874519, 'bb_moderate': 0.7328634817500338, 'volume': 0.3088340541827863, 'hammer': 1.690222009668095, 'engulfing': 2.4459435289649516, 'rsi_divergence': 1.1847059774602482, 'trend_di': 1.493336235556278, 'trend_rsi': 0.5287586005358103, 'range_bb': 0.27361053862820334}. Best is trial 14 with value: 678.5402041963429.
[I 2026-07-28 10:42:05,004] Trial 18 finished with value: 633.0664669645909 and parameters: {'rsi_extreme': 1.3212758533006674, 'rsi_moderate': 1.7759745193311134, 'rsi_mild': 0.26229279720067306, 'stoch_extreme': 1.7642395205425594, 'stoch_moderate': 0.8275633553686517, 'stoch_cross': 0.5733665382767621, 'mfi_extreme': 2.248132794009641, 'mfi_moderate': 0.6790064049205469, 'cci_extreme': 1.8471276194787771, 'cci_moderate': 1.0312959383858529, 'wr_extreme': 1.563543744311864, 'wr_moderate': 0.772052635865948, 'sar': 0.36204128660664164, 'aroon': 0.4434337651157656, 'ma_trend': 1.2468681751841757, 'ema_cross': 0.25283260987766654, 'kdj_cross': 0.7022578407053296, 'kdj_j': 0.7410550142540027, 'bb_extreme': 1.832929035143994, 'bb_moderate': 0.8029825707023546, 'volume': 0.8330553580635045, 'hammer': 1.441246211347094, 'engulfing': 1.6474082403240446, 'rsi_divergence': 1.6229482596361953, 'trend_di': 1.0233722724852936, 'trend_rsi': 0.5904310635702728, 'range_bb': 0.7088495087408706}. Best is trial 14 with value: 678.5402041963429.
[I 2026-07-28 10:42:11,905] Trial 19 finished with value: 636.4938004719513 and parameters: {'rsi_extreme': 2.8444844697972917, 'rsi_moderate': 1.5122106158090904, 'rsi_mild': 0.4759295364360189, 'stoch_extreme': 2.0995111965564934, 'stoch_moderate': 0.47429306975384067, 'stoch_cross': 0.803223170853661, 'mfi_extreme': 2.0922326796100905, 'mfi_moderate': 0.5916615181069973, 'cci_extreme': 2.3851985686355444, 'cci_moderate': 1.189336526140715, 'wr_extreme': 1.2422410615655646, 'wr_moderate': 0.5432915372785616, 'sar': 0.5159549961128322, 'aroon': 0.6077182390782213, 'ma_trend': 0.7377489700520531, 'ema_cross': 0.5708925194037421, 'kdj_cross': 1.0397635819168354, 'kdj_j': 0.9932658214817717, 'bb_extreme': 1.7052504629610232, 'bb_moderate': 0.6090322380995056, 'volume': 0.31323852798035146, 'hammer': 1.7612666136279886, 'engulfing': 2.17955204830691, 'rsi_divergence': 1.3009408213961102, 'trend_di': 1.3387890696865843, 'trend_rsi': 0.43905938026795976, 'range_bb': 0.4804867108714972}. Best is trial 14 with value: 678.5402041963429.
[I 2026-07-28 10:42:19,104] Trial 20 finished with value: 591.7225221742955 and parameters: {'rsi_extreme': 1.255061224493163, 'rsi_moderate': 1.1458102912555002, 'rsi_mild': 0.24617239033298377, 'stoch_extreme': 2.360977512737483, 'stoch_moderate': 0.6062638994220226, 'stoch_cross': 1.1016340502168744, 'mfi_extreme': 2.352164104970343, 'mfi_moderate': 0.6874716632475029, 'cci_extreme': 2.134345345013648, 'cci_moderate': 0.8479330960485609, 'wr_extreme': 1.4484600386495805, 'wr_moderate': 0.9268438645657928, 'sar': 0.2737995564483946, 'aroon': 0.764133963762563, 'ma_trend': 1.2890141082366742, 'ema_cross': 0.4253878044259496, 'kdj_cross': 0.7543366059168608, 'kdj_j': 0.8382662011837715, 'bb_extreme': 1.9149219003432947, 'bb_moderate': 0.956940679644821, 'volume': 0.3978715360804125, 'hammer': 1.9732088332926603, 'engulfing': 2.4768480964897215, 'rsi_divergence': 1.70481831091308, 'trend_di': 1.0637279310282675, 'trend_rsi': 0.7054412839239875, 'range_bb': 0.6805858043260362}. Best is trial 14 with value: 678.5402041963429.
Best trial: 23. Best value: 687.969:  28%|¨€¨€¨‚       | 28/100 [03:28<08:45,  7.31s/it]Best trial: 23. Best value: 687.969:  28%|¨€¨€¨‚       | 28/100 [03:28<08:45,  7.31s/it]Best trial: 23. Best value: 687.969:  29%|¨€¨€¨       | 29/100 [03:28<08:38,  7.30s/it]                                                                                     Best trial: 23. Best value: 687.969:  29%|¨€¨€¨       | 29/100 [03:35<08:38,  7.30s/it]Best trial: 23. Best value: 687.969:  29%|¨€¨€¨       | 29/100 [03:35<08:38,  7.30s/it]Best trial: 23. Best value: 687.969:  30%|¨€¨€¨€       | 30/100 [03:35<08:40,  7.43s/it]                                                                                     Best trial: 23. Best value: 687.969:  30%|¨€¨€¨€       | 30/100 [03:43<08:40,  7.43s/it]Best trial: 23. Best value: 687.969:  30%|¨€¨€¨€       | 30/100 [03:43<08:40,  7.43s/it]Best trial: 23. Best value: 687.969:  31%|¨€¨€¨€       | 31/100 [03:43<08:29,  7.39s/it]                                                                                     Best trial: 23. Best value: 687.969:  31%|¨€¨€¨€       | 31/100 [03:50<08:29,  7.39s/it]Best trial: 31. Best value: 697.295:  31%|¨€¨€¨€       | 31/100 [03:50<08:29,  7.39s/it]Best trial: 31. Best value: 697.295:  32%|¨€¨€¨€¨‡      | 32/100 [03:50<08:21,  7.38s/it]                                                                                     Best trial: 31. Best value: 697.295:  32%|¨€¨€¨€¨‡      | 32/100 [03:57<08:21,  7.38s/it]Best trial: 32. Best value: 699.985:  32%|¨€¨€¨€¨‡      | 32/100 [03:57<08:21,  7.38s/it]Best trial: 32. Best value: 699.985:  33%|¨€¨€¨€¨†      | 33/100 [03:57<08:12,  7.36s/it]                                                                                     Best trial: 32. Best value: 699.985:  33%|¨€¨€¨€¨†      | 33/100 [04:04<08:12,  7.36s/it]Best trial: 33. Best value: 721.884:  33%|¨€¨€¨€¨†      | 33/100 [04:04<08:12,  7.36s/it]Best trial: 33. Best value: 721.884:  34%|¨€¨€¨€¨…      | 34/100 [04:04<07:59,  7.27s/it]                                                                                     Best trial: 33. Best value: 721.884:  34%|¨€¨€¨€¨…      | 34/100 [04:12<07:59,  7.27s/it]Best trial: 33. Best value: 721.884:  34%|¨€¨€¨€¨…      | 34/100 [04:12<07:59,  7.27s/it]Best trial: 33. Best value: 721.884:  35%|¨€¨€¨€¨„      | 35/100 [04:12<07:53,  7.29s/it]                                                                                     [I 2026-07-28 10:42:26,291] Trial 21 finished with value: 650.2306485204614 and parameters: {'rsi_extreme': 1.1791406567760092, 'rsi_moderate': 1.7001405251566515, 'rsi_mild': 0.5099971588082741, 'stoch_extreme': 2.0887207863497905, 'stoch_moderate': 0.7970034638532402, 'stoch_cross': 0.608486160536449, 'mfi_extreme': 2.1256885638155354, 'mfi_moderate': 0.5659316992654062, 'cci_extreme': 1.9648586115123032, 'cci_moderate': 0.9510841773919385, 'wr_extreme': 1.334993288014832, 'wr_moderate': 0.9747263324439118, 'sar': 0.3648489444168407, 'aroon': 0.6925380624422567, 'ma_trend': 1.077175367616502, 'ema_cross': 0.33300854530097035, 'kdj_cross': 0.8950026325618007, 'kdj_j': 0.8740035147593198, 'bb_extreme': 1.999674907845364, 'bb_moderate': 0.6997325232095127, 'volume': 0.23684213315414498, 'hammer': 1.9969257280944, 'engulfing': 2.185898297222183, 'rsi_divergence': 1.6298956364064343, 'trend_di': 1.3571007332874039, 'trend_rsi': 0.5405328609556559, 'range_bb': 0.4869254375334048}. Best is trial 14 with value: 678.5402041963429.
[I 2026-07-28 10:42:33,551] Trial 22 finished with value: 599.1775578864597 and parameters: {'rsi_extreme': 1.1770424484739035, 'rsi_moderate': 1.570946201553289, 'rsi_mild': 0.6437789865492521, 'stoch_extreme': 2.182119406355322, 'stoch_moderate': 0.8325015507339641, 'stoch_cross': 0.6364104810738691, 'mfi_extreme': 2.0781917354071533, 'mfi_moderate': 0.28883031072493964, 'cci_extreme': 1.0346279880547535, 'cci_moderate': 0.8595967560226372, 'wr_extreme': 1.3357460438199178, 'wr_moderate': 0.9984125851798894, 'sar': 0.3563010294435442, 'aroon': 0.6219577868320904, 'ma_trend': 1.0071956290548427, 'ema_cross': 0.3052966938602996, 'kdj_cross': 0.9256754317509055, 'kdj_j': 0.8944242633948446, 'bb_extreme': 1.6467709412943905, 'bb_moderate': 0.7057941146921111, 'volume': 0.2634630324709726, 'hammer': 1.6516916913943802, 'engulfing': 2.137135535889575, 'rsi_divergence': 1.5569294953925261, 'trend_di': 1.3730006703893753, 'trend_rsi': 0.5635620169636453, 'range_bb': 0.32962825954942}. Best is trial 14 with value: 678.5402041963429.
[I 2026-07-28 10:42:40,680] Trial 23 finished with value: 687.9690723563203 and parameters: {'rsi_extreme': 1.4109357697784624, 'rsi_moderate': 1.751228905898257, 'rsi_mild': 0.4744002760499072, 'stoch_extreme': 2.0083958778111186, 'stoch_moderate': 0.6417640413572705, 'stoch_cross': 0.4327883341855817, 'mfi_extreme': 1.8596893238246133, 'mfi_moderate': 0.5155665033391728, 'cci_extreme': 1.7833944005590907, 'cci_moderate': 1.0090943430176282, 'wr_extreme': 1.5504068907365005, 'wr_moderate': 0.8793609327275188, 'sar': 0.2808501374368697, 'aroon': 0.4743789024257185, 'ma_trend': 0.7770166174265569, 'ema_cross': 0.21651662157488794, 'kdj_cross': 1.1443933970477755, 'kdj_j': 0.781609990731484, 'bb_extreme': 1.8559502061933022, 'bb_moderate': 0.6571589533675973, 'volume': 0.25707483798079633, 'hammer': 1.8776445515956741, 'engulfing': 2.284330245508437, 'rsi_divergence': 1.7940352602692056, 'trend_di': 1.2939538864584885, 'trend_rsi': 0.273300484635348, 'range_bb': 0.5097751694760858}. Best is trial 23 with value: 687.9690723563203.
[I 2026-07-28 10:42:47,904] Trial 24 finished with value: 684.1848304656605 and parameters: {'rsi_extreme': 1.468921745855124, 'rsi_moderate': 1.8197160321771784, 'rsi_mild': 0.45517363493985763, 'stoch_extreme': 1.783992145074809, 'stoch_moderate': 0.6459327065167266, 'stoch_cross': 0.44790906480047143, 'mfi_extreme': 1.7854499991134114, 'mfi_moderate': 0.38775771206263293, 'cci_extreme': 1.251795390520078, 'cci_moderate': 1.1166588191667, 'wr_extreme': 1.656515322369268, 'wr_moderate': 0.8715807977505998, 'sar': 0.2654857813454479, 'aroon': 0.41376350222264846, 'ma_trend': 0.7764381250941124, 'ema_cross': 0.18423956359461635, 'kdj_cross': 1.1483460754511459, 'kdj_j': 0.760172707298946, 'bb_extreme': 1.8400017469879193, 'bb_moderate': 0.5491789229079654, 'volume': 0.4617212510745179, 'hammer': 1.8595725681732427, 'engulfing': 2.497252986746659, 'rsi_divergence': 1.7803391186100224, 'trend_di': 1.2520429088351375, 'trend_rsi': 0.2635082790715783, 'range_bb': 0.5124333435969973}. Best is trial 23 with value: 687.9690723563203.
[I 2026-07-28 10:42:55,723] Trial 25 finished with value: 682.4351861232764 and parameters: {'rsi_extreme': 1.9199026671009207, 'rsi_moderate': 1.999542042036576, 'rsi_mild': 0.4486681396966649, 'stoch_extreme': 1.840652176635563, 'stoch_moderate': 0.6344642219209319, 'stoch_cross': 0.43109840211681216, 'mfi_extreme': 1.7575499651401802, 'mfi_moderate': 0.3466863547415644, 'cci_extreme': 1.2834125910931045, 'cci_moderate': 1.1269296172554777, 'wr_extreme': 1.6131367877145428, 'wr_moderate': 0.8049981934332114, 'sar': 0.26298521049498236, 'aroon': 0.41677855832054367, 'ma_trend': 0.7794546957257614, 'ema_cross': 0.18184721160167203, 'kdj_cross': 1.2973452781906487, 'kdj_j': 0.696769820323201, 'bb_extreme': 1.6428321774382808, 'bb_moderate': 0.5382821833856134, 'volume': 0.4719617475799849, 'hammer': 1.8594255408539166, 'engulfing': 2.312912913320196, 'rsi_divergence': 1.8107066277220625, 'trend_di': 1.233914299756794, 'trend_rsi': 0.25545771789762606, 'range_bb': 0.6521091575671913}. Best is trial 23 with value: 687.9690723563203.
[I 2026-07-28 10:43:03,030] Trial 26 finished with value: 675.7144645888201 and parameters: {'rsi_extreme': 1.8759734381258681, 'rsi_moderate': 1.9944809334953697, 'rsi_mild': 0.4369711332540083, 'stoch_extreme': 1.7654180273974576, 'stoch_moderate': 0.6454939074094256, 'stoch_cross': 0.4346180297765151, 'mfi_extreme': 1.7322708310218398, 'mfi_moderate': 0.36359284731201535, 'cci_extreme': 1.2052762406958586, 'cci_moderate': 1.1071326259444647, 'wr_extreme': 1.633016810952301, 'wr_moderate': 0.7839345357701913, 'sar': 0.28741730271554994, 'aroon': 0.4003220566521566, 'ma_trend': 0.7692889963959582, 'ema_cross': 0.1845110266165493, 'kdj_cross': 1.3066911665302816, 'kdj_j': 0.6795887887032378, 'bb_extreme': 1.5858397844160472, 'bb_moderate': 0.5397706607042125, 'volume': 0.46785024806706216, 'hammer': 1.8693085899068234, 'engulfing': 1.8104751626294622, 'rsi_divergence': 1.8046738715111228, 'trend_di': 1.1175579709126808, 'trend_rsi': 0.2546970796510923, 'range_bb': 0.790005979855011}. Best is trial 23 with value: 687.9690723563203.
[I 2026-07-28 10:43:10,227] Trial 27 finished with value: 677.9850697432397 and parameters: {'rsi_extreme': 2.5377707871109103, 'rsi_moderate': 1.836355483882072, 'rsi_mild': 0.3700788862358385, 'stoch_extreme': 1.7684647003748153, 'stoch_moderate': 0.7629820868386097, 'stoch_cross': 0.43256931461772213, 'mfi_extreme': 1.5864931533309663, 'mfi_moderate': 0.31998104012671724, 'cci_extreme': 1.266664568892331, 'cci_moderate': 1.0215446975155043, 'wr_extreme': 1.8139040370372388, 'wr_moderate': 0.6734331548699282, 'sar': 0.26490799420631345, 'aroon': 0.4177007365804873, 'ma_trend': 0.5527167540994068, 'ema_cross': 0.20931454453860826, 'kdj_cross': 1.2982679146170009, 'kdj_j': 0.7184798589461723, 'bb_extreme': 1.3524380246533054, 'bb_moderate': 0.4158204729736126, 'volume': 0.3546270093078422, 'hammer': 1.8872279682961617, 'engulfing': 2.3054921171871103, 'rsi_divergence': 1.8470570536936135, 'trend_di': 1.2302034523010343, 'trend_rsi': 0.27307820202642497, 'range_bb': 0.6426325355713233}. Best is trial 23 with value: 687.9690723563203.
