Best trial: 88. Best value: 775.81:  91%|¨€¨€¨€¨€¨€¨€¨€¨€¨€ | 91/100 [11:25<01:09,  7.75s/it]Best trial: 88. Best value: 775.81:  91%|¨€¨€¨€¨€¨€¨€¨€¨€¨€ | 91/100 [11:25<01:09,  7.75s/it]Best trial: 88. Best value: 775.81:  92%|¨€¨€¨€¨€¨€¨€¨€¨€¨€¨‡| 92/100 [11:25<01:04,  8.04s/it]                                                                                    Best trial: 88. Best value: 775.81:  92%|¨€¨€¨€¨€¨€¨€¨€¨€¨€¨‡| 92/100 [11:34<01:04,  8.04s/it]Best trial: 88. Best value: 775.81:  92%|¨€¨€¨€¨€¨€¨€¨€¨€¨€¨‡| 92/100 [11:34<01:04,  8.04s/it]Best trial: 88. Best value: 775.81:  93%|¨€¨€¨€¨€¨€¨€¨€¨€¨€¨†| 93/100 [11:34<00:56,  8.09s/it]                                                                                    Best trial: 88. Best value: 775.81:  93%|¨€¨€¨€¨€¨€¨€¨€¨€¨€¨†| 93/100 [11:41<00:56,  8.09s/it]Best trial: 88. Best value: 775.81:  93%|¨€¨€¨€¨€¨€¨€¨€¨€¨€¨†| 93/100 [11:41<00:56,  8.09s/it]Best trial: 88. Best value: 775.81:  94%|¨€¨€¨€¨€¨€¨€¨€¨€¨€¨…| 94/100 [11:41<00:47,  7.99s/it]                                                                                    Best trial: 88. Best value: 775.81:  94%|¨€¨€¨€¨€¨€¨€¨€¨€¨€¨…| 94/100 [11:49<00:47,  7.99s/it]Best trial: 88. Best value: 775.81:  94%|¨€¨€¨€¨€¨€¨€¨€¨€¨€¨…| 94/100 [11:49<00:47,  7.99s/it]Best trial: 88. Best value: 775.81:  95%|¨€¨€¨€¨€¨€¨€¨€¨€¨€¨„| 95/100 [11:49<00:39,  7.87s/it]                                                                                    Best trial: 88. Best value: 775.81:  95%|¨€¨€¨€¨€¨€¨€¨€¨€¨€¨„| 95/100 [12:01<00:39,  7.87s/it]Best trial: 95. Best value: 779.603:  95%|¨€¨€¨€¨€¨€¨€¨€¨€¨€¨„| 95/100 [12:01<00:39,  7.87s/it]Best trial: 95. Best value: 779.603:  96%|¨€¨€¨€¨€¨€¨€¨€¨€¨€¨„| 96/100 [12:01<00:36,  9.14s/it]                                                                                     Best trial: 95. Best value: 779.603:  96%|¨€¨€¨€¨€¨€¨€¨€¨€¨€¨„| 96/100 [12:13<00:36,  9.14s/it]Best trial: 95. Best value: 779.603:  96%|¨€¨€¨€¨€¨€¨€¨€¨€¨€¨„| 96/100 [12:13<00:36,  9.14s/it]Best trial: 95. Best value: 779.603:  97%|¨€¨€¨€¨€¨€¨€¨€¨€¨€¨ƒ| 97/100 [12:13<00:30, 10.00s/it]                                                                                     Best trial: 95. Best value: 779.603:  97%|¨€¨€¨€¨€¨€¨€¨€¨€¨€¨ƒ| 97/100 [12:25<00:30, 10.00s/it]Best trial: 95. Best value: 779.603:  97%|¨€¨€¨€¨€¨€¨€¨€¨€¨€¨ƒ| 97/100 [12:25<00:30, 10.00s/it]Best trial: 95. Best value: 779.603:  98%|¨€¨€¨€¨€¨€¨€¨€¨€¨€¨‚| 98/100 [12:25<00:20, 10.47s/it]                                                                                     [I 2026-07-28 10:50:20,706] Trial 84 finished with value: 711.0099732863334 and parameters: {'rsi_extreme': 2.0849581115129197, 'rsi_moderate': 1.532582795215242, 'rsi_mild': 0.1810297597768727, 'stoch_extreme': 1.675235440653667, 'stoch_moderate': 0.9540378294560236, 'stoch_cross': 0.35178381905355166, 'mfi_extreme': 2.345019567983781, 'mfi_moderate': 0.891945663751049, 'cci_extreme': 1.5499869728546256, 'cci_moderate': 0.931400300099775, 'wr_extreme': 1.8496505923986364, 'wr_moderate': 0.5658434619669969, 'sar': 0.4713176872256626, 'aroon': 0.3646030605621272, 'ma_trend': 0.5590196422289933, 'ema_cross': 0.36029505890823416, 'kdj_cross': 0.5281248655014223, 'kdj_j': 0.7531414982866704, 'bb_extreme': 1.9054207622021788, 'bb_moderate': 0.5995704950100822, 'volume': 0.2188723049601936, 'hammer': 1.296318895461642, 'engulfing': 0.9233207718608695, 'rsi_divergence': 0.7087759155412606, 'trend_di': 0.41339761153136245, 'trend_rsi': 0.3917325722467829, 'range_bb': 0.22128701515177154}. Best is trial 78 with value: 754.8543073899256.
[I 2026-07-28 10:50:28,567] Trial 85 finished with value: 696.2244832305638 and parameters: {'rsi_extreme': 1.8682115910322448, 'rsi_moderate': 1.379215465289438, 'rsi_mild': 0.15635527191281828, 'stoch_extreme': 1.8078744158461502, 'stoch_moderate': 0.9750195897075293, 'stoch_cross': 1.490213070617636, 'mfi_extreme': 2.437451278749486, 'mfi_moderate': 0.951864838229038, 'cci_extreme': 1.4130063765317775, 'cci_moderate': 0.888556639708878, 'wr_extreme': 1.9648249737968415, 'wr_moderate': 0.34034398622197937, 'sar': 0.41988033011249914, 'aroon': 0.2553581941176768, 'ma_trend': 0.6454934389914069, 'ema_cross': 0.3231992295588086, 'kdj_cross': 0.6533115622736231, 'kdj_j': 0.6767307796467871, 'bb_extreme': 1.9531989246642782, 'bb_moderate': 0.4040554654080243, 'volume': 0.2490503215006113, 'hammer': 1.5972114886366153, 'engulfing': 0.6612955540385678, 'rsi_divergence': 0.42386629231343886, 'trend_di': 0.35418522833248045, 'trend_rsi': 0.368605699205086, 'range_bb': 0.31072454888361667}. Best is trial 78 with value: 754.8543073899256.
[I 2026-07-28 10:50:35,873] Trial 86 finished with value: 757.9093441632003 and parameters: {'rsi_extreme': 2.033998752427141, 'rsi_moderate': 1.5912431863746521, 'rsi_mild': 0.10277692391293354, 'stoch_extreme': 1.8917230997024286, 'stoch_moderate': 0.8515931089394185, 'stoch_cross': 0.5325518599651778, 'mfi_extreme': 2.493406315994838, 'mfi_moderate': 0.9910587731352142, 'cci_extreme': 1.8888222608391207, 'cci_moderate': 0.8527354161903518, 'wr_extreme': 1.9243916479645577, 'wr_moderate': 0.7054350188225466, 'sar': 0.3757291133078299, 'aroon': 0.32994125869953006, 'ma_trend': 0.4211324037304607, 'ema_cross': 0.30623436098533335, 'kdj_cross': 0.8106132635820759, 'kdj_j': 0.7753954309578158, 'bb_extreme': 1.997147434358839, 'bb_moderate': 0.5509206287366639, 'volume': 0.22967576361174027, 'hammer': 1.7797505335823653, 'engulfing': 1.0777536070624574, 'rsi_divergence': 0.6019206055046941, 'trend_di': 0.5328826607422081, 'trend_rsi': 0.5071336791070518, 'range_bb': 0.24595039019792966}. Best is trial 86 with value: 757.9093441632003.
[I 2026-07-28 10:50:43,267] Trial 87 finished with value: 733.7245304658968 and parameters: {'rsi_extreme': 2.0343601326139114, 'rsi_moderate': 1.22949707140278, 'rsi_mild': 0.12357670564146458, 'stoch_extreme': 1.891406789929174, 'stoch_moderate': 0.8487551026800676, 'stoch_cross': 0.5525089895097792, 'mfi_extreme': 2.319372021065412, 'mfi_moderate': 0.9778649178407091, 'cci_extreme': 1.9045321082447806, 'cci_moderate': 0.9224174908880562, 'wr_extreme': 1.9186324969113027, 'wr_moderate': 0.7084435768558695, 'sar': 0.3534606523177505, 'aroon': 0.3383158442290281, 'ma_trend': 0.42497285106397376, 'ema_cross': 0.4194967323890126, 'kdj_cross': 0.8198512393978206, 'kdj_j': 0.7784605441259094, 'bb_extreme': 1.9978306010050626, 'bb_moderate': 0.5604148346017775, 'volume': 0.31729986999964577, 'hammer': 1.7949770695029872, 'engulfing': 1.1274321851376843, 'rsi_divergence': 0.6096555280177764, 'trend_di': 0.5519644467164527, 'trend_rsi': 0.4979123046225502, 'range_bb': 0.8702845599060032}. Best is trial 86 with value: 757.9093441632003.
[I 2026-07-28 10:50:50,971] Trial 88 finished with value: 775.8098782447177 and parameters: {'rsi_extreme': 2.2248015381231925, 'rsi_moderate': 1.4801452526044614, 'rsi_mild': 0.20377558887931232, 'stoch_extreme': 1.8526148970281802, 'stoch_moderate': 0.8756811277940167, 'stoch_cross': 0.5211576175908007, 'mfi_extreme': 2.465905055567348, 'mfi_moderate': 0.7459909403187436, 'cci_extreme': 1.7526899533784175, 'cci_moderate': 1.045358993309901, 'wr_extreme': 1.9735692084349117, 'wr_moderate': 0.6534575508208246, 'sar': 0.30438307966386813, 'aroon': 0.23516603508643807, 'ma_trend': 0.34018054928277724, 'ema_cross': 0.34369915045592153, 'kdj_cross': 0.49842403496622484, 'kdj_j': 0.6406886595840395, 'bb_extreme': 1.919233639621016, 'bb_moderate': 0.540444364198175, 'volume': 0.26422040182590356, 'hammer': 1.927205313772188, 'engulfing': 1.0636270178401588, 'rsi_divergence': 0.7167005714406633, 'trend_di': 0.4139791088530473, 'trend_rsi': 0.5132577926714684, 'range_bb': 0.24555808399437454}. Best is trial 88 with value: 775.8098782447177.
[I 2026-07-28 10:50:58,781] Trial 89 finished with value: 721.9286559689006 and parameters: {'rsi_extreme': 2.222924326890304, 'rsi_moderate': 1.4105419190734352, 'rsi_mild': 0.21179217599833824, 'stoch_extreme': 1.8725235268494416, 'stoch_moderate': 0.7859638665873241, 'stoch_cross': 0.4936387445444428, 'mfi_extreme': 2.470383442591149, 'mfi_moderate': 0.7385407188483448, 'cci_extreme': 1.7921751512202635, 'cci_moderate': 1.030172230667231, 'wr_extreme': 1.9847438835639943, 'wr_moderate': 0.6535943376797191, 'sar': 0.5063945428523744, 'aroon': 0.38180418555449236, 'ma_trend': 0.48548225677141865, 'ema_cross': 0.3427752912237298, 'kdj_cross': 0.4962157585213755, 'kdj_j': 0.6416618269816022, 'bb_extreme': 1.9527664636285602, 'bb_moderate': 0.5359923069783887, 'volume': 0.33971182067614536, 'hammer': 1.9324295421889415, 'engulfing': 1.0795850222249388, 'rsi_divergence': 0.8993719105138943, 'trend_di': 0.5168148006076616, 'trend_rsi': 0.5250065260296765, 'range_bb': 0.3852798467644729}. Best is trial 88 with value: 775.8098782447177.
[I 2026-07-28 10:51:06,689] Trial 90 finished with value: 741.4590908448444 and parameters: {'rsi_extreme': 2.083195282154573, 'rsi_moderate': 1.477437584872297, 'rsi_mild': 0.10323088875936905, 'stoch_extreme': 1.778259108906014, 'stoch_moderate': 0.8234442803297094, 'stoch_cross': 0.5286008500855786, 'mfi_extreme': 2.282659676417595, 'mfi_moderate': 0.7608372614411646, 'cci_extreme': 1.8501213759805402, 'cci_moderate': 1.0760768785884465, 'wr_extreme': 1.8207900437754236, 'wr_moderate': 0.6126351304928558, 'sar': 0.31098738097515527, 'aroon': 0.3148960121714567, 'ma_trend': 0.5249777162469267, 'ema_cross': 0.37897873084759776, 'kdj_cross': 0.3736171501477941, 'kdj_j': 0.4752802098319417, 'bb_extreme': 1.9245937919512248, 'bb_moderate': 0.6210545747376426, 'volume': 0.26863746860409027, 'hammer': 1.7854496341707733, 'engulfing': 1.0368284547009645, 'rsi_divergence': 0.835437356814865, 'trend_di': 0.4473689070990742, 'trend_rsi': 0.47593132928294746, 'range_bb': 0.2587912069801636}. Best is trial 88 with value: 775.8098782447177.
Best trial: 95. Best value: 779.603:  98%|¨€¨€¨€¨€¨€¨€¨€¨€¨€¨‚| 98/100 [12:37<00:20, 10.47s/it]Best trial: 95. Best value: 779.603:  98%|¨€¨€¨€¨€¨€¨€¨€¨€¨€¨‚| 98/100 [12:37<00:20, 10.47s/it]Best trial: 95. Best value: 779.603:  99%|¨€¨€¨€¨€¨€¨€¨€¨€¨€¨| 99/100 [12:37<00:10, 10.91s/it]                                                                                     Best trial: 95. Best value: 779.603:  99%|¨€¨€¨€¨€¨€¨€¨€¨€¨€¨| 99/100 [12:48<00:10, 10.91s/it]Best trial: 95. Best value: 779.603:  99%|¨€¨€¨€¨€¨€¨€¨€¨€¨€¨| 99/100 [12:48<00:10, 10.91s/it]Best trial: 95. Best value: 779.603: 100%|¨€¨€¨€¨€¨€¨€¨€¨€¨€¨€| 100/100 [12:48<00:00, 11.10s/it]Best trial: 95. Best value: 779.603: 100%|¨€¨€¨€¨€¨€¨€¨€¨€¨€¨€| 100/100 [12:48<00:00,  7.69s/it]
[I 2026-07-28 10:51:15,388] Trial 91 finished with value: 771.6580553463646 and parameters: {'rsi_extreme': 2.118221314677278, 'rsi_moderate': 1.585901661900557, 'rsi_mild': 0.1027437033380469, 'stoch_extreme': 1.7907586390182577, 'stoch_moderate': 0.8224658672526303, 'stoch_cross': 0.6305991194691706, 'mfi_extreme': 2.3033411613610957, 'mfi_moderate': 0.9918527333938727, 'cci_extreme': 1.858450416562077, 'cci_moderate': 1.0930418268678772, 'wr_extreme': 1.8194989004983277, 'wr_moderate': 0.5987211703345117, 'sar': 0.3095713295013913, 'aroon': 0.3178971877989915, 'ma_trend': 0.33679739786241547, 'ema_cross': 0.37764002970867766, 'kdj_cross': 0.38062568840936956, 'kdj_j': 0.7067278572336346, 'bb_extreme': 1.9168714084599738, 'bb_moderate': 0.6420699250299913, 'volume': 0.2629911630454324, 'hammer': 1.825309180164874, 'engulfing': 1.0522289121336628, 'rsi_divergence': 0.7228315669688596, 'trend_di': 0.44815765987363754, 'trend_rsi': 0.5171075083870772, 'range_bb': 0.2549567231036418}. Best is trial 88 with value: 775.8098782447177.
[I 2026-07-28 10:51:23,596] Trial 92 finished with value: 758.2413033633685 and parameters: {'rsi_extreme': 2.2787411140229215, 'rsi_moderate': 1.599669397873294, 'rsi_mild': 0.1292656756110333, 'stoch_extreme': 1.8458022148900708, 'stoch_moderate': 0.7492403130670213, 'stoch_cross': 0.6548395074119975, 'mfi_extreme': 2.2955140526674103, 'mfi_moderate': 0.7581239992159912, 'cci_extreme': 1.8669154151450875, 'cci_moderate': 1.0872871122410288, 'wr_extreme': 1.816418622858946, 'wr_moderate': 0.6082880414867909, 'sar': 0.31372137540102235, 'aroon': 0.311833528738509, 'ma_trend': 0.3371290557801039, 'ema_cross': 0.37166026223285037, 'kdj_cross': 0.3815159516563029, 'kdj_j': 0.3061212878776716, 'bb_extreme': 1.9166204163454066, 'bb_moderate': 0.6317002456558451, 'volume': 0.26772271512756846, 'hammer': 1.816541675764987, 'engulfing': 1.0332278962479786, 'rsi_divergence': 0.8481193593184343, 'trend_di': 0.4401444966317337, 'trend_rsi': 0.5631173162742612, 'range_bb': 0.2748540258113441}. Best is trial 88 with value: 775.8098782447177.
[I 2026-07-28 10:51:31,357] Trial 93 finished with value: 765.5077365733725 and parameters: {'rsi_extreme': 2.216947768514682, 'rsi_moderate': 1.5917154563190354, 'rsi_mild': 0.19072059018407245, 'stoch_extreme': 1.8483052538391096, 'stoch_moderate': 0.770679224396356, 'stoch_cross': 0.6663355740889194, 'mfi_extreme': 2.4204015355791944, 'mfi_moderate': 0.9594352575414269, 'cci_extreme': 1.9512256685032199, 'cci_moderate': 1.0765282506383207, 'wr_extreme': 1.7926684671694808, 'wr_moderate': 0.6298467524967629, 'sar': 0.2918305969350524, 'aroon': 0.4078312462770125, 'ma_trend': 0.34225523938220975, 'ema_cross': 0.3101597761222351, 'kdj_cross': 0.39694420255485974, 'kdj_j': 0.29516197676428957, 'bb_extreme': 1.8708903424037018, 'bb_moderate': 0.7343130026794921, 'volume': 0.28879357545344275, 'hammer': 1.6995281778754119, 'engulfing': 1.2559104355449553, 'rsi_divergence': 0.6966705442242781, 'trend_di': 0.4511387805807571, 'trend_rsi': 0.5569840322201269, 'range_bb': 0.2794591824487069}. Best is trial 88 with value: 775.8098782447177.
[I 2026-07-28 10:51:38,959] Trial 94 finished with value: 767.0916352301542 and parameters: {'rsi_extreme': 2.295943222540945, 'rsi_moderate': 1.5973803448986095, 'rsi_mild': 0.2747309968151739, 'stoch_extreme': 1.9152212827382349, 'stoch_moderate': 0.7528252175101086, 'stoch_cross': 0.7199810389648066, 'mfi_extreme': 2.4199753774883135, 'mfi_moderate': 0.9674058172273854, 'cci_extreme': 1.9729981864883328, 'cci_moderate': 1.0787427618379484, 'wr_extreme': 1.7201729670007473, 'wr_moderate': 0.6931816304116369, 'sar': 0.34929738752972866, 'aroon': 0.4368019450572038, 'ma_trend': 0.33269019938989425, 'ema_cross': 0.30268095351283975, 'kdj_cross': 0.3924907459255651, 'kdj_j': 0.2908735206437197, 'bb_extreme': 1.9058109187658208, 'bb_moderate': 0.649888295411281, 'volume': 0.30148699922608424, 'hammer': 1.696423401448452, 'engulfing': 1.1720326907747958, 'rsi_divergence': 0.7224261511976154, 'trend_di': 0.42433786724655126, 'trend_rsi': 0.571123068544849, 'range_bb': 0.31718215373223496}. Best is trial 88 with value: 775.8098782447177.
[I 2026-07-28 10:51:51,055] Trial 95 finished with value: 779.6026480834761 and parameters: {'rsi_extreme': 2.260297854258835, 'rsi_moderate': 1.5886925246033847, 'rsi_mild': 0.2855882535589796, 'stoch_extreme': 1.9282442204026125, 'stoch_moderate': 0.7454664450214319, 'stoch_cross': 0.8332068196447855, 'mfi_extreme': 2.423230436720056, 'mfi_moderate': 0.9955356111309854, 'cci_extreme': 1.9574684427633, 'cci_moderate': 1.1660517572312337, 'wr_extreme': 1.7187267004135796, 'wr_moderate': 0.6799286971560679, 'sar': 0.29944545377042375, 'aroon': 0.4173394719858924, 'ma_trend': 0.34108700706923206, 'ema_cross': 0.30623079749720794, 'kdj_cross': 0.4114690570792763, 'kdj_j': 0.30581906042270945, 'bb_extreme': 1.905885465995228, 'bb_moderate': 0.7374002114162692, 'volume': 0.30981400733337694, 'hammer': 1.8343782342016401, 'engulfing': 1.253330473004343, 'rsi_divergence': 0.7344765323667626, 'trend_di': 0.4523515826667984, 'trend_rsi': 0.5628733170877747, 'range_bb': 0.3163986173483257}. Best is trial 95 with value: 779.6026480834761.
[I 2026-07-28 10:52:03,067] Trial 96 finished with value: 766.0092295366217 and parameters: {'rsi_extreme': 2.286447000538489, 'rsi_moderate': 1.5921206440692717, 'rsi_mild': 0.28923188675985384, 'stoch_extreme': 1.93418900379843, 'stoch_moderate': 0.692915713353381, 'stoch_cross': 0.8617871391442028, 'mfi_extreme': 2.414141276148842, 'mfi_moderate': 0.9927512121134562, 'cci_extreme': 2.02516910523478, 'cci_moderate': 1.0853455486144188, 'wr_extreme': 1.6063569750351092, 'wr_moderate': 0.6821979446267121, 'sar': 0.29074740833893403, 'aroon': 0.392503839938996, 'ma_trend': 0.3342141283952311, 'ema_cross': 0.3082003183316034, 'kdj_cross': 0.37706497678116757, 'kdj_j': 0.33993438305893536, 'bb_extreme': 1.8974941159398433, 'bb_moderate': 0.7395779860440849, 'volume': 0.3107540558104166, 'hammer': 1.7089205084839079, 'engulfing': 1.2462622975742985, 'rsi_divergence': 0.7272974912880092, 'trend_di': 0.45618107900553606, 'trend_rsi': 0.5866740731201132, 'range_bb': 0.36508874567236776}. Best is trial 95 with value: 779.6026480834761.
[I 2026-07-28 10:52:14,624] Trial 97 finished with value: 763.6718265182581 and parameters: {'rsi_extreme': 2.2922907365238623, 'rsi_moderate': 1.5971555814177365, 'rsi_mild': 0.2879777062484398, 'stoch_extreme': 1.9346882576222866, 'stoch_moderate': 0.7432148092115355, 'stoch_cross': 0.8718988574718718, 'mfi_extreme': 2.411855216378708, 'mfi_moderate': 0.9981979273185684, 'cci_extreme': 2.0802033419384447, 'cci_moderate': 1.1656409651243689, 'wr_extreme': 1.6105257256601733, 'wr_moderate': 0.6956162305543776, 'sar': 0.30268254511447, 'aroon': 0.44511060093526733, 'ma_trend': 0.3335976054683607, 'ema_cross': 0.30228569075605005, 'kdj_cross': 0.39830200335315846, 'kdj_j': 0.2646310010672822, 'bb_extreme': 1.7917518347906884, 'bb_moderate': 0.7428935309766512, 'volume': 0.30753421402605513, 'hammer': 1.7125176596410765, 'engulfing': 1.2679804764401594, 'rsi_divergence': 0.7231798864194585, 'trend_di': 0.44768137781033246, 'trend_rsi': 0.5867485566867306, 'range_bb': 0.3759203404383073}. Best is trial 95 with value: 779.6026480834761.
[I 2026-07-28 10:52:26,571] Trial 98 finished with value: 752.3253679273627 and parameters: {'rsi_extreme': 2.2416501784318172, 'rsi_moderate': 1.5874017758393972, 'rsi_mild': 0.29093568346012366, 'stoch_extreme': 1.930300738443358, 'stoch_moderate': 0.6847954528382235, 'stoch_cross': 0.912992902381699, 'mfi_extreme': 2.419871017450108, 'mfi_moderate': 0.9982822579948845, 'cci_extreme': 2.065696075911281, 'cci_moderate': 1.15501379459021, 'wr_extreme': 1.5915103781886601, 'wr_moderate': 0.6866056979327938, 'sar': 0.2925933103994594, 'aroon': 0.4381431642575732, 'ma_trend': 0.3300607356691442, 'ema_cross': 0.3125870864702665, 'kdj_cross': 0.39555060564385974, 'kdj_j': 0.2703311335332733, 'bb_extreme': 1.7902714448148094, 'bb_moderate': 0.7594996258704855, 'volume': 0.3048397409781168, 'hammer': 1.690579910535509, 'engulfing': 1.3435080747664114, 'rsi_divergence': 0.7433770568841283, 'trend_di': 0.45709504817845215, 'trend_rsi': 0.5788345232411796, 'range_bb': 0.3704617416124607}. Best is trial 95 with value: 779.6026480834761.
