Best trial: 39. Best value: 746.094:  63%|¨€¨€¨€¨€¨€¨€¨†   | 63/100 [07:54<05:00,  8.11s/it]Best trial: 39. Best value: 746.094:  63%|¨€¨€¨€¨€¨€¨€¨†   | 63/100 [07:54<05:00,  8.11s/it]Best trial: 39. Best value: 746.094:  64%|¨€¨€¨€¨€¨€¨€¨…   | 64/100 [07:54<04:47,  7.99s/it]                                                                                     Best trial: 39. Best value: 746.094:  64%|¨€¨€¨€¨€¨€¨€¨…   | 64/100 [08:02<04:47,  7.99s/it]Best trial: 64. Best value: 747.293:  64%|¨€¨€¨€¨€¨€¨€¨…   | 64/100 [08:02<04:47,  7.99s/it]Best trial: 64. Best value: 747.293:  65%|¨€¨€¨€¨€¨€¨€¨„   | 65/100 [08:02<04:35,  7.88s/it]                                                                                     Best trial: 64. Best value: 747.293:  65%|¨€¨€¨€¨€¨€¨€¨„   | 65/100 [08:09<04:35,  7.88s/it]Best trial: 64. Best value: 747.293:  65%|¨€¨€¨€¨€¨€¨€¨„   | 65/100 [08:09<04:35,  7.88s/it]Best trial: 64. Best value: 747.293:  66%|¨€¨€¨€¨€¨€¨€¨„   | 66/100 [08:09<04:22,  7.71s/it]                                                                                     Best trial: 64. Best value: 747.293:  66%|¨€¨€¨€¨€¨€¨€¨„   | 66/100 [08:17<04:22,  7.71s/it]Best trial: 64. Best value: 747.293:  66%|¨€¨€¨€¨€¨€¨€¨„   | 66/100 [08:17<04:22,  7.71s/it]Best trial: 64. Best value: 747.293:  67%|¨€¨€¨€¨€¨€¨€¨ƒ   | 67/100 [08:17<04:15,  7.74s/it]                                                                                     Best trial: 64. Best value: 747.293:  67%|¨€¨€¨€¨€¨€¨€¨ƒ   | 67/100 [08:25<04:15,  7.74s/it]Best trial: 64. Best value: 747.293:  67%|¨€¨€¨€¨€¨€¨€¨ƒ   | 67/100 [08:25<04:15,  7.74s/it]Best trial: 64. Best value: 747.293:  68%|¨€¨€¨€¨€¨€¨€¨‚   | 68/100 [08:25<04:17,  8.03s/it]                                                                                     Best trial: 64. Best value: 747.293:  68%|¨€¨€¨€¨€¨€¨€¨‚   | 68/100 [08:33<04:17,  8.03s/it]Best trial: 64. Best value: 747.293:  68%|¨€¨€¨€¨€¨€¨€¨‚   | 68/100 [08:33<04:17,  8.03s/it]Best trial: 64. Best value: 747.293:  69%|¨€¨€¨€¨€¨€¨€¨   | 69/100 [08:33<04:06,  7.96s/it]                                                                                     Best trial: 64. Best value: 747.293:  69%|¨€¨€¨€¨€¨€¨€¨   | 69/100 [08:40<04:06,  7.96s/it]Best trial: 64. Best value: 747.293:  69%|¨€¨€¨€¨€¨€¨€¨   | 69/100 [08:40<04:06,  7.96s/it]Best trial: 64. Best value: 747.293:  70%|¨€¨€¨€¨€¨€¨€¨€   | 70/100 [08:40<03:49,  7.64s/it]                                                                                     [I 2026-07-28 10:46:47,368] Trial 56 finished with value: 642.166047888228 and parameters: {'rsi_extreme': 2.655234822164155, 'rsi_moderate': 1.8796746916618614, 'rsi_mild': 0.6608337730058546, 'stoch_extreme': 1.547973863861148, 'stoch_moderate': 0.7363102552389742, 'stoch_cross': 0.3451351194994614, 'mfi_extreme': 1.6504255762655702, 'mfi_moderate': 0.4177329117168351, 'cci_extreme': 1.3176713079779698, 'cci_moderate': 0.6027395766756597, 'wr_extreme': 1.7707886904357166, 'wr_moderate': 0.23576922932836208, 'sar': 0.5262080237245879, 'aroon': 0.2226472648917948, 'ma_trend': 0.6012636853685872, 'ema_cross': 0.2526326005690904, 'kdj_cross': 1.3487894568534378, 'kdj_j': 0.20229294591055252, 'bb_extreme': 1.892656377022632, 'bb_moderate': 0.33638661156987454, 'volume': 0.2413799999614601, 'hammer': 1.0357731958254597, 'engulfing': 1.0986757198593486, 'rsi_divergence': 1.4757670853045102, 'trend_di': 0.8229218903845517, 'trend_rsi': 0.15467653554361085, 'range_bb': 0.284762205731374}. Best is trial 39 with value: 746.0941941667999.
[I 2026-07-28 10:46:54,814] Trial 57 finished with value: 668.8728554978603 and parameters: {'rsi_extreme': 2.3384399115294277, 'rsi_moderate': 1.7638436841942016, 'rsi_mild': 0.73250465605581, 'stoch_extreme': 1.657707580530922, 'stoch_moderate': 0.8127197955893359, 'stoch_cross': 0.39783265462596273, 'mfi_extreme': 1.2466258332425437, 'mfi_moderate': 0.5763276131876294, 'cci_extreme': 1.0990850673628032, 'cci_moderate': 0.7972324481876446, 'wr_extreme': 1.9427114344174379, 'wr_moderate': 0.9667430245492654, 'sar': 0.483172835466115, 'aroon': 0.35874710911994545, 'ma_trend': 0.35057123643545685, 'ema_cross': 0.7940598088693176, 'kdj_cross': 1.187860629604984, 'kdj_j': 0.8259792604222547, 'bb_extreme': 1.819603966675689, 'bb_moderate': 0.30326069286959245, 'volume': 0.32721892649465206, 'hammer': 1.2217357677614376, 'engulfing': 1.9440920942394053, 'rsi_divergence': 0.8728546426373619, 'trend_di': 1.0896984493522284, 'trend_rsi': 0.23416176803571448, 'range_bb': 0.2354928635908902}. Best is trial 39 with value: 746.0941941667999.
[I 2026-07-28 10:47:03,282] Trial 58 finished with value: 662.1426065070771 and parameters: {'rsi_extreme': 2.0059763325173536, 'rsi_moderate': 1.9396916153570678, 'rsi_mild': 0.6435854161286517, 'stoch_extreme': 1.140174819818562, 'stoch_moderate': 0.8612895615884182, 'stoch_cross': 0.5546208173035909, 'mfi_extreme': 1.1109473766592561, 'mfi_moderate': 0.614688510243884, 'cci_extreme': 1.1678457740847454, 'cci_moderate': 0.5240926033385142, 'wr_extreme': 1.8451348024427954, 'wr_moderate': 0.8491438760505015, 'sar': 0.8777564607098653, 'aroon': 0.3052342484535481, 'ma_trend': 0.41727429889973167, 'ema_cross': 0.15987951413860035, 'kdj_cross': 1.44691929167967, 'kdj_j': 0.9032776878773222, 'bb_extreme': 1.9510496587834387, 'bb_moderate': 0.43164521839107967, 'volume': 0.28157673043802833, 'hammer': 1.3534832021361933, 'engulfing': 0.508520277111659, 'rsi_divergence': 0.5141465123224136, 'trend_di': 0.349294898822412, 'trend_rsi': 0.1866310699729639, 'range_bb': 0.39003923269307755}. Best is trial 39 with value: 746.0941941667999.
[I 2026-07-28 10:47:11,406] Trial 59 finished with value: 513.1319288053313 and parameters: {'rsi_extreme': 2.164790356043394, 'rsi_moderate': 0.6954340616658634, 'rsi_mild': 0.5786069979527095, 'stoch_extreme': 1.2811426749431396, 'stoch_moderate': 0.9705880985835629, 'stoch_cross': 0.7425210637201036, 'mfi_extreme': 1.5340403757037921, 'mfi_moderate': 0.5184701690279521, 'cci_extreme': 1.4292881919743474, 'cci_moderate': 0.7562185831769224, 'wr_extreme': 0.8092849623878552, 'wr_moderate': 0.8878327710259082, 'sar': 0.8251982553930473, 'aroon': 0.24330629643119867, 'ma_trend': 0.45369876390531266, 'ema_cross': 0.1276869131457646, 'kdj_cross': 1.2653038962342382, 'kdj_j': 0.9230309168084654, 'bb_extreme': 1.880291348836116, 'bb_moderate': 0.22657744599273152, 'volume': 0.5060437674413327, 'hammer': 0.8991262814268198, 'engulfing': 1.8649991939940063, 'rsi_divergence': 1.115255529246122, 'trend_di': 0.9700279917226504, 'trend_rsi': 0.12387990452906501, 'range_bb': 0.3394445477631697}. Best is trial 39 with value: 746.0941941667999.
[I 2026-07-28 10:47:20,246] Trial 60 finished with value: 605.0863617821877 and parameters: {'rsi_extreme': 2.0592918646688645, 'rsi_moderate': 1.6793019363294406, 'rsi_mild': 0.5335450072114488, 'stoch_extreme': 1.0833782944172934, 'stoch_moderate': 0.83984156575503, 'stoch_cross': 0.4826264298801999, 'mfi_extreme': 1.3585182692619933, 'mfi_moderate': 0.3928542844536554, 'cci_extreme': 1.6358533456096596, 'cci_moderate': 0.9040289970407196, 'wr_extreme': 1.7759024451998515, 'wr_moderate': 0.9320498608166671, 'sar': 0.5699282081867796, 'aroon': 0.8709842426182997, 'ma_trend': 0.5131684905550046, 'ema_cross': 0.318533480334386, 'kdj_cross': 1.1979483501278596, 'kdj_j': 0.9706814114685736, 'bb_extreme': 1.8051558159425136, 'bb_moderate': 0.5158551347441657, 'volume': 0.358481079331803, 'hammer': 1.0881751166777207, 'engulfing': 1.295541043891418, 'rsi_divergence': 1.551281876351341, 'trend_di': 0.5836517663211879, 'trend_rsi': 0.14485010740277945, 'range_bb': 0.2957783430276042}. Best is trial 39 with value: 746.0941941667999.
[I 2026-07-28 10:47:28,242] Trial 61 finished with value: 723.7153740768105 and parameters: {'rsi_extreme': 2.1412689490881354, 'rsi_moderate': 1.896320334524699, 'rsi_mild': 0.7022114657998546, 'stoch_extreme': 1.3804264714063432, 'stoch_moderate': 0.9422204686268063, 'stoch_cross': 0.3941633855788663, 'mfi_extreme': 1.4391994591436854, 'mfi_moderate': 0.7215785163189422, 'cci_extreme': 1.123444923854955, 'cci_moderate': 0.652087646341101, 'wr_extreme': 1.905394251842919, 'wr_moderate': 0.9960723812777825, 'sar': 0.7139127122205386, 'aroon': 0.2136753598438003, 'ma_trend': 0.3239139635509247, 'ema_cross': 0.1552242282990917, 'kdj_cross': 1.3935335925196388, 'kdj_j': 0.9506851594254387, 'bb_extreme': 1.9005159955371667, 'bb_moderate': 0.25384624593640587, 'volume': 0.29586211258172845, 'hammer': 1.2315838195159223, 'engulfing': 1.2045531417713549, 'rsi_divergence': 0.33673574417508134, 'trend_di': 0.6466659789780405, 'trend_rsi': 0.1675882742597038, 'range_bb': 0.24049097797969304}. Best is trial 39 with value: 746.0941941667999.
[I 2026-07-28 10:47:36,246] Trial 62 finished with value: 719.0546225394712 and parameters: {'rsi_extreme': 2.1832260104415155, 'rsi_moderate': 1.84217952496061, 'rsi_mild': 0.6864687303173864, 'stoch_extreme': 1.3578091615311523, 'stoch_moderate': 0.8925733379421797, 'stoch_cross': 0.33236866180069535, 'mfi_extreme': 1.4433029837158167, 'mfi_moderate': 0.6654986809494456, 'cci_extreme': 1.2185361674934363, 'cci_moderate': 0.7048130268330667, 'wr_extreme': 1.915721624007976, 'wr_moderate': 0.9715045026424882, 'sar': 0.7231923702413062, 'aroon': 0.20503528962670997, 'ma_trend': 0.3009368745659785, 'ema_cross': 0.194937753777237, 'kdj_cross': 1.4316337091845852, 'kdj_j': 0.8845430557204328, 'bb_extreme': 1.8891504912073203, 'bb_moderate': 0.26517017483751315, 'volume': 0.2744775129747934, 'hammer': 1.511820150984347, 'engulfing': 1.190738414662782, 'rsi_divergence': 0.3692737535539289, 'trend_di': 0.7366580045638474, 'trend_rsi': 0.1840903901618232, 'range_bb': 0.24600756364702447}. Best is trial 39 with value: 746.0941941667999.
Best trial: 64. Best value: 747.293:  70%|¨€¨€¨€¨€¨€¨€¨€   | 70/100 [08:47<03:49,  7.64s/it]Best trial: 64. Best value: 747.293:  70%|¨€¨€¨€¨€¨€¨€¨€   | 70/100 [08:47<03:49,  7.64s/it]Best trial: 64. Best value: 747.293:  71%|¨€¨€¨€¨€¨€¨€¨€   | 71/100 [08:47<03:33,  7.38s/it]                                                                                     Best trial: 64. Best value: 747.293:  71%|¨€¨€¨€¨€¨€¨€¨€   | 71/100 [08:54<03:33,  7.38s/it]Best trial: 64. Best value: 747.293:  71%|¨€¨€¨€¨€¨€¨€¨€   | 71/100 [08:54<03:33,  7.38s/it]Best trial: 64. Best value: 747.293:  72%|¨€¨€¨€¨€¨€¨€¨€¨‡  | 72/100 [08:54<03:22,  7.23s/it]                                                                                     Best trial: 64. Best value: 747.293:  72%|¨€¨€¨€¨€¨€¨€¨€¨‡  | 72/100 [09:00<03:22,  7.23s/it]Best trial: 72. Best value: 748.402:  72%|¨€¨€¨€¨€¨€¨€¨€¨‡  | 72/100 [09:00<03:22,  7.23s/it]Best trial: 72. Best value: 748.402:  73%|¨€¨€¨€¨€¨€¨€¨€¨†  | 73/100 [09:00<03:06,  6.92s/it]                                                                                     Best trial: 72. Best value: 748.402:  73%|¨€¨€¨€¨€¨€¨€¨€¨†  | 73/100 [09:06<03:06,  6.92s/it]Best trial: 72. Best value: 748.402:  73%|¨€¨€¨€¨€¨€¨€¨€¨†  | 73/100 [09:06<03:06,  6.92s/it]Best trial: 72. Best value: 748.402:  74%|¨€¨€¨€¨€¨€¨€¨€¨…  | 74/100 [09:06<02:56,  6.79s/it]                                                                                     Best trial: 72. Best value: 748.402:  74%|¨€¨€¨€¨€¨€¨€¨€¨…  | 74/100 [09:13<02:56,  6.79s/it]Best trial: 72. Best value: 748.402:  74%|¨€¨€¨€¨€¨€¨€¨€¨…  | 74/100 [09:13<02:56,  6.79s/it]Best trial: 72. Best value: 748.402:  75%|¨€¨€¨€¨€¨€¨€¨€¨„  | 75/100 [09:13<02:51,  6.85s/it]                                                                                     Best trial: 72. Best value: 748.402:  75%|¨€¨€¨€¨€¨€¨€¨€¨„  | 75/100 [09:21<02:51,  6.85s/it]Best trial: 72. Best value: 748.402:  75%|¨€¨€¨€¨€¨€¨€¨€¨„  | 75/100 [09:21<02:51,  6.85s/it]Best trial: 72. Best value: 748.402:  76%|¨€¨€¨€¨€¨€¨€¨€¨„  | 76/100 [09:21<02:46,  6.92s/it]                                                                                     Best trial: 72. Best value: 748.402:  76%|¨€¨€¨€¨€¨€¨€¨€¨„  | 76/100 [09:27<02:46,  6.92s/it]Best trial: 76. Best value: 748.658:  76%|¨€¨€¨€¨€¨€¨€¨€¨„  | 76/100 [09:27<02:46,  6.92s/it]Best trial: 76. Best value: 748.658:  77%|¨€¨€¨€¨€¨€¨€¨€¨ƒ  | 77/100 [09:27<02:37,  6.85s/it]                                                                                     [I 2026-07-28 10:47:43,938] Trial 63 finished with value: 700.4434704889592 and parameters: {'rsi_extreme': 2.4585787649125375, 'rsi_moderate': 1.9595377085813213, 'rsi_mild': 0.6226056111209536, 'stoch_extreme': 1.4496338743561168, 'stoch_moderate': 0.935514585878777, 'stoch_cross': 0.40291636762799465, 'mfi_extreme': 1.6026061031426277, 'mfi_moderate': 0.7064402244507384, 'cci_extreme': 1.0786145036500918, 'cci_moderate': 0.6569829001456313, 'wr_extreme': 1.998417828388005, 'wr_moderate': 0.9905488367950712, 'sar': 0.6814946095436913, 'aroon': 0.5303526435273413, 'ma_trend': 0.35297371194553634, 'ema_cross': 0.12676644316763247, 'kdj_cross': 1.3972046774468243, 'kdj_j': 0.9570081478972632, 'bb_extreme': 1.7116426945782313, 'bb_moderate': 0.29424244649776377, 'volume': 0.8310848309980565, 'hammer': 1.2272259315193021, 'engulfing': 1.4023044314789257, 'rsi_divergence': 0.478524998329467, 'trend_di': 0.6578450000943579, 'trend_rsi': 0.39088247241432056, 'range_bb': 0.2677336835751215}. Best is trial 39 with value: 746.0941941667999.
[I 2026-07-28 10:47:51,583] Trial 64 finished with value: 747.2930745454603 and parameters: {'rsi_extreme': 1.952405291564514, 'rsi_moderate': 1.785588546621093, 'rsi_mild': 0.10911072704353042, 'stoch_extreme': 1.5163253099435283, 'stoch_moderate': 0.9947136561870197, 'stoch_cross': 0.4680731004607127, 'mfi_extreme': 1.6972151030357792, 'mfi_moderate': 0.7376484967370062, 'cci_extreme': 1.2979811139879225, 'cci_moderate': 0.8204196472611751, 'wr_extreme': 1.8773936241722355, 'wr_moderate': 0.9366146047159813, 'sar': 0.396848317199236, 'aroon': 0.27152492931607763, 'ma_trend': 0.38881044108610036, 'ema_cross': 0.26926203287908823, 'kdj_cross': 1.3299590775640555, 'kdj_j': 0.8566349388066867, 'bb_extreme': 1.9588197543968804, 'bb_moderate': 0.39006488543610573, 'volume': 0.2325594300957991, 'hammer': 0.7877354302020068, 'engulfing': 1.0110905681080886, 'rsi_divergence': 0.33781732559773275, 'trend_di': 0.5025588427265779, 'trend_rsi': 0.22169633414140844, 'range_bb': 0.20079011364713953}. Best is trial 64 with value: 747.2930745454603.
[I 2026-07-28 10:47:58,886] Trial 65 finished with value: 745.6272851834592 and parameters: {'rsi_extreme': 1.9458626006120623, 'rsi_moderate': 1.737945068912853, 'rsi_mild': 0.7584703459409906, 'stoch_extreme': 1.5880104601294298, 'stoch_moderate': 0.9940448973355606, 'stoch_cross': 0.339429171246174, 'mfi_extreme': 1.6863490596620134, 'mfi_moderate': 0.8233528457592606, 'cci_extreme': 1.1493186997695362, 'cci_moderate': 0.8393518248547898, 'wr_extreme': 1.875935301266088, 'wr_moderate': 0.4844396414416268, 'sar': 0.41220717232978554, 'aroon': 0.26904295308344833, 'ma_trend': 0.3952676783213097, 'ema_cross': 0.15741651806223708, 'kdj_cross': 1.324618715298259, 'kdj_j': 0.8480067843093491, 'bb_extreme': 1.8634016229753187, 'bb_moderate': 0.3942065606670461, 'volume': 0.22281259846761453, 'hammer': 1.3244601471708746, 'engulfing': 1.0599024480908372, 'rsi_divergence': 0.3555702078657035, 'trend_di': 0.5027849501265841, 'trend_rsi': 0.29388461640875135, 'range_bb': 0.2000493413760042}. Best is trial 64 with value: 747.2930745454603.
[I 2026-07-28 10:48:06,711] Trial 66 finished with value: 726.3925243482433 and parameters: {'rsi_extreme': 1.9138997128278703, 'rsi_moderate': 1.7865230055043966, 'rsi_mild': 0.17201281980385907, 'stoch_extreme': 1.5021637883338355, 'stoch_moderate': 0.9955381929628602, 'stoch_cross': 0.46352245476752363, 'mfi_extreme': 1.6904467414419329, 'mfi_moderate': 0.8430847753506141, 'cci_extreme': 1.2956501937916254, 'cci_moderate': 0.8310526942193258, 'wr_extreme': 1.8876663568128942, 'wr_moderate': 0.4868473316801329, 'sar': 0.4010165288966104, 'aroon': 0.26727112748587945, 'ma_trend': 0.4048335760797356, 'ema_cross': 0.23405813626290242, 'kdj_cross': 1.3165640689556104, 'kdj_j': 0.8421494055833671, 'bb_extreme': 1.8233304046160201, 'bb_moderate': 0.3754909501580714, 'volume': 0.22440936346699356, 'hammer': 1.2712471092664925, 'engulfing': 0.985750409327158, 'rsi_divergence': 0.3502608146302147, 'trend_di': 0.4820310489267547, 'trend_rsi': 0.30129597106948935, 'range_bb': 0.22977796156982974}. Best is trial 64 with value: 747.2930745454603.
[I 2026-07-28 10:48:15,418] Trial 67 finished with value: 735.1432554405737 and parameters: {'rsi_extreme': 1.939096735419679, 'rsi_moderate': 1.7892614097814343, 'rsi_mild': 0.14024789347139732, 'stoch_extreme': 1.5872122288559973, 'stoch_moderate': 0.9991966776462928, 'stoch_cross': 0.45580867068644837, 'mfi_extreme': 1.712794373377206, 'mfi_moderate': 0.9335084993817342, 'cci_extreme': 1.284435659038703, 'cci_moderate': 0.832098926563262, 'wr_extreme': 1.8689057534665146, 'wr_moderate': 0.5046785719403354, 'sar': 0.39531107861863046, 'aroon': 0.2723944639192206, 'ma_trend': 0.3960742094372475, 'ema_cross': 0.22109636459514564, 'kdj_cross': 1.3314222249860699, 'kdj_j': 0.8019251448094422, 'bb_extreme': 1.8191835482542669, 'bb_moderate': 0.4040179112298545, 'volume': 0.22715194554669244, 'hammer': 0.7273239267491204, 'engulfing': 0.9795150301120868, 'rsi_divergence': 0.43122370160079987, 'trend_di': 0.47176400684159703, 'trend_rsi': 0.3055573118293426, 'range_bb': 0.20034996009805373}. Best is trial 64 with value: 747.2930745454603.
[I 2026-07-28 10:48:23,195] Trial 68 finished with value: 669.6826838206434 and parameters: {'rsi_extreme': 1.9462571663854156, 'rsi_moderate': 1.6016420818012964, 'rsi_mild': 0.10739103509591982, 'stoch_extreme': 1.6104078869736829, 'stoch_moderate': 0.9923559074346124, 'stoch_cross': 0.45901083563459805, 'mfi_extreme': 1.6954938120563214, 'mfi_moderate': 0.9146928138260183, 'cci_extreme': 1.3068273758145945, 'cci_moderate': 0.8299415628984192, 'wr_extreme': 1.6915516798677879, 'wr_moderate': 0.5046331760299244, 'sar': 0.39531024353946115, 'aroon': 0.2691733429920102, 'ma_trend': 0.3953012956167448, 'ema_cross': 0.24317735310423833, 'kdj_cross': 1.31660710855778, 'kdj_j': 0.7965529345323982, 'bb_extreme': 1.4743501771198333, 'bb_moderate': 0.4125964270372814, 'volume': 0.22333288194464052, 'hammer': 0.7163475692269866, 'engulfing': 0.9594428187698226, 'rsi_divergence': 0.5688332863074481, 'trend_di': 0.4864188850515275, 'trend_rsi': 0.37777631077459717, 'range_bb': 0.23032969099058828}. Best is trial 64 with value: 747.2930745454603.
[I 2026-07-28 10:48:30,083] Trial 69 finished with value: 622.3500785023374 and parameters: {'rsi_extreme': 1.8336120105720581, 'rsi_moderate': 1.7967205845300378, 'rsi_mild': 0.16443086923369205, 'stoch_extreme': 1.535886161573666, 'stoch_moderate': 0.9745652444097703, 'stoch_cross': 0.6502785560893767, 'mfi_extreme': 1.7792691006129013, 'mfi_moderate': 0.9464394116014286, 'cci_extreme': 1.3903247143617525, 'cci_moderate': 0.7961797986097815, 'wr_extreme': 0.9014295867956927, 'wr_moderate': 0.46581733928202435, 'sar': 0.4611518458560801, 'aroon': 0.39022817118517383, 'ma_trend': 0.5466645473867858, 'ema_cross': 0.23352160616865772, 'kdj_cross': 1.2726326989821446, 'kdj_j': 0.8461854621832124, 'bb_extreme': 1.6231911105665189, 'bb_moderate': 0.3855700133231893, 'volume': 0.24321296467304196, 'hammer': 0.6937301362160329, 'engulfing': 0.7530352746890415, 'rsi_divergence': 0.36652073752271663, 'trend_di': 0.3787216126705896, 'trend_rsi': 0.2981366649378484, 'range_bb': 0.2917695264259467}. Best is trial 64 with value: 747.2930745454603.
