Best trial: 33. Best value: 721.884:  35%|¨€¨€¨€¨„      | 35/100 [04:20<07:53,  7.29s/it]Best trial: 33. Best value: 721.884:  35%|¨€¨€¨€¨„      | 35/100 [04:20<07:53,  7.29s/it]Best trial: 33. Best value: 721.884:  36%|¨€¨€¨€¨„      | 36/100 [04:20<07:58,  7.48s/it]                                                                                     Best trial: 33. Best value: 721.884:  36%|¨€¨€¨€¨„      | 36/100 [04:27<07:58,  7.48s/it]Best trial: 33. Best value: 721.884:  36%|¨€¨€¨€¨„      | 36/100 [04:27<07:58,  7.48s/it]Best trial: 33. Best value: 721.884:  37%|¨€¨€¨€¨ƒ      | 37/100 [04:27<07:54,  7.53s/it]                                                                                     Best trial: 33. Best value: 721.884:  37%|¨€¨€¨€¨ƒ      | 37/100 [04:35<07:54,  7.53s/it]Best trial: 33. Best value: 721.884:  37%|¨€¨€¨€¨ƒ      | 37/100 [04:35<07:54,  7.53s/it]Best trial: 33. Best value: 721.884:  38%|¨€¨€¨€¨‚      | 38/100 [04:35<07:49,  7.57s/it]                                                                                     Best trial: 33. Best value: 721.884:  38%|¨€¨€¨€¨‚      | 38/100 [04:43<07:49,  7.57s/it]Best trial: 38. Best value: 733.827:  38%|¨€¨€¨€¨‚      | 38/100 [04:43<07:49,  7.57s/it]Best trial: 38. Best value: 733.827:  39%|¨€¨€¨€¨      | 39/100 [04:43<07:52,  7.74s/it]                                                                                     Best trial: 38. Best value: 733.827:  39%|¨€¨€¨€¨      | 39/100 [04:51<07:52,  7.74s/it]Best trial: 39. Best value: 746.094:  39%|¨€¨€¨€¨      | 39/100 [04:51<07:52,  7.74s/it]Best trial: 39. Best value: 746.094:  40%|¨€¨€¨€¨€      | 40/100 [04:51<07:44,  7.75s/it]                                                                                     Best trial: 39. Best value: 746.094:  40%|¨€¨€¨€¨€      | 40/100 [04:58<07:44,  7.75s/it]Best trial: 39. Best value: 746.094:  40%|¨€¨€¨€¨€      | 40/100 [04:58<07:44,  7.75s/it]Best trial: 39. Best value: 746.094:  41%|¨€¨€¨€¨€      | 41/100 [04:58<07:30,  7.63s/it]                                                                                     Best trial: 39. Best value: 746.094:  41%|¨€¨€¨€¨€      | 41/100 [05:06<07:30,  7.63s/it]Best trial: 39. Best value: 746.094:  41%|¨€¨€¨€¨€      | 41/100 [05:06<07:30,  7.63s/it]Best trial: 39. Best value: 746.094:  42%|¨€¨€¨€¨€¨‡     | 42/100 [05:06<07:20,  7.59s/it]                                                                                     [I 2026-07-28 10:43:17,502] Trial 28 finished with value: 669.033890927502 and parameters: {'rsi_extreme': 1.4893570506983704, 'rsi_moderate': 1.812218367980286, 'rsi_mild': 0.6693192833576114, 'stoch_extreme': 1.9653650888187715, 'stoch_moderate': 0.5120869495515861, 'stoch_cross': 0.4380962887348007, 'mfi_extreme': 1.8231232150465324, 'mfi_moderate': 0.49833645858844755, 'cci_extreme': 1.37622458676608, 'cci_moderate': 1.1304937909963164, 'wr_extreme': 1.5289879419462562, 'wr_moderate': 0.741238575959796, 'sar': 0.3105928935461088, 'aroon': 0.2537697461179851, 'ma_trend': 0.7931143948732057, 'ema_cross': 0.1103560159053097, 'kdj_cross': 1.1300680723269005, 'kdj_j': 0.6299024955193339, 'bb_extreme': 1.6231277543361025, 'bb_moderate': 0.5641741736779731, 'volume': 0.5984404276991995, 'hammer': 1.7168269308323432, 'engulfing': 2.096942982747091, 'rsi_divergence': 1.8271477122762385, 'trend_di': 0.9181164045318375, 'trend_rsi': 0.24713600169620378, 'range_bb': 0.7886692948238216}. Best is trial 23 with value: 687.9690723563203.
[I 2026-07-28 10:43:25,255] Trial 29 finished with value: 625.9542539582368 and parameters: {'rsi_extreme': 1.5921422878113192, 'rsi_moderate': 1.999727646592725, 'rsi_mild': 0.5535614336517256, 'stoch_extreme': 1.6721392115539893, 'stoch_moderate': 0.34391386891705966, 'stoch_cross': 0.42050926064341004, 'mfi_extreme': 1.4105138694294594, 'mfi_moderate': 0.22818920576678958, 'cci_extreme': 1.5652664743542166, 'cci_moderate': 1.0009894682368552, 'wr_extreme': 1.6988917439992828, 'wr_moderate': 0.8172492506360386, 'sar': 0.42783819660167643, 'aroon': 0.3762752446839239, 'ma_trend': 0.44584555530090403, 'ema_cross': 0.22814419884194975, 'kdj_cross': 1.1570453934558693, 'kdj_j': 0.5615971974483125, 'bb_extreme': 1.2709548557058357, 'bb_moderate': 0.4519880143927152, 'volume': 0.47032750433164744, 'hammer': 1.8881674063606504, 'engulfing': 1.9219006540725259, 'rsi_divergence': 1.279851153409795, 'trend_di': 1.2569263777143231, 'trend_rsi': 0.19540256928824656, 'range_bb': 0.3814252008038287}. Best is trial 23 with value: 687.9690723563203.
[I 2026-07-28 10:43:32,530] Trial 30 finished with value: 609.718243183184 and parameters: {'rsi_extreme': 1.9432119759547384, 'rsi_moderate': 1.9062650066369515, 'rsi_mild': 0.3514988241256685, 'stoch_extreme': 1.834824822717983, 'stoch_moderate': 0.39690828413176316, 'stoch_cross': 0.4974427391100895, 'mfi_extreme': 1.7169979152899673, 'mfi_moderate': 0.40122147933558816, 'cci_extreme': 1.7950794763829496, 'cci_moderate': 1.056094068072386, 'wr_extreme': 1.5643401603900056, 'wr_moderate': 0.9137277488846529, 'sar': 0.5103284381728821, 'aroon': 0.29010442877425646, 'ma_trend': 0.5895606927479692, 'ema_cross': 0.22524374754579443, 'kdj_cross': 1.3130282115449028, 'kdj_j': 0.6521746791645521, 'bb_extreme': 1.0474704507955184, 'bb_moderate': 0.3978334179393891, 'volume': 0.6675719157817571, 'hammer': 1.7368299288120155, 'engulfing': 2.322834598295289, 'rsi_divergence': 0.9810746508091475, 'trend_di': 0.7898231528665941, 'trend_rsi': 0.29693592861221385, 'range_bb': 0.551759389067961}. Best is trial 23 with value: 687.9690723563203.
[I 2026-07-28 10:43:39,896] Trial 31 finished with value: 697.2946236535032 and parameters: {'rsi_extreme': 1.3946920433228664, 'rsi_moderate': 1.7714789607942067, 'rsi_mild': 0.47033616940917317, 'stoch_extreme': 2.0271083587465273, 'stoch_moderate': 0.6449648100921026, 'stoch_cross': 0.5078899017668083, 'mfi_extreme': 1.9280062248040544, 'mfi_moderate': 0.4866873783534865, 'cci_extreme': 1.2426551451805556, 'cci_moderate': 1.1418945196437216, 'wr_extreme': 1.8073038791292824, 'wr_moderate': 0.8580866348235953, 'sar': 0.22575460724836172, 'aroon': 0.4997112929325884, 'ma_trend': 0.7953539519709205, 'ema_cross': 0.17585432950632907, 'kdj_cross': 1.071936809283861, 'kdj_j': 0.7688681242942674, 'bb_extreme': 1.8442954793673625, 'bb_moderate': 0.6516012683322667, 'volume': 0.5327652209338842, 'hammer': 1.4316432538175212, 'engulfing': 2.366157781571551, 'rsi_divergence': 1.7591074867984409, 'trend_di': 1.2798092129720755, 'trend_rsi': 0.1022730000267108, 'range_bb': 0.522643725635606}. Best is trial 31 with value: 697.2946236535032.
[I 2026-07-28 10:43:47,199] Trial 32 finished with value: 699.9845608327088 and parameters: {'rsi_extreme': 1.4246706118038985, 'rsi_moderate': 1.746266725499586, 'rsi_mild': 0.45766356349806014, 'stoch_extreme': 1.9843208668798347, 'stoch_moderate': 0.6622823559037153, 'stoch_cross': 0.3656256629957077, 'mfi_extreme': 1.8898918943142384, 'mfi_moderate': 0.4971719138193878, 'cci_extreme': 1.27355548877014, 'cci_moderate': 1.132866356099895, 'wr_extreme': 1.7768873542534236, 'wr_moderate': 0.9460337502490686, 'sar': 0.24672531856455757, 'aroon': 0.48895120494313254, 'ma_trend': 0.6812132457080239, 'ema_cross': 0.1724032129849134, 'kdj_cross': 1.0998628330013756, 'kdj_j': 0.7497612563611799, 'bb_extreme': 1.7913078755674445, 'bb_moderate': 0.4839899655789503, 'volume': 0.42232838847028753, 'hammer': 1.4329653838976522, 'engulfing': 2.347018406071609, 'rsi_divergence': 1.883783515727387, 'trend_di': 1.2844908923841354, 'trend_rsi': 0.10999464355029677, 'range_bb': 0.43010177244442704}. Best is trial 32 with value: 699.9845608327088.
[I 2026-07-28 10:43:54,275] Trial 33 finished with value: 721.8837279876224 and parameters: {'rsi_extreme': 1.380598127397195, 'rsi_moderate': 1.7391934393595703, 'rsi_mild': 0.5644265415565171, 'stoch_extreme': 2.010751873176753, 'stoch_moderate': 0.665424003743043, 'stoch_cross': 0.3539654926316256, 'mfi_extreme': 1.8557495299760984, 'mfi_moderate': 0.48792908496878434, 'cci_extreme': 1.0159926302894957, 'cci_moderate': 0.9936223446186498, 'wr_extreme': 1.8007350700106775, 'wr_moderate': 0.9523302596811465, 'sar': 0.24208396593576567, 'aroon': 0.4826503980551495, 'ma_trend': 0.4884968041697223, 'ema_cross': 0.10182769748567232, 'kdj_cross': 1.10976403180596, 'kdj_j': 0.9293201147971186, 'bb_extreme': 1.8794352683635676, 'bb_moderate': 0.47901383511122486, 'volume': 0.37608951861688716, 'hammer': 1.4048609990212986, 'engulfing': 2.1585798157447433, 'rsi_divergence': 1.9127590464861064, 'trend_di': 1.1682295428312217, 'trend_rsi': 0.13472066477825395, 'range_bb': 0.4298554893730176}. Best is trial 33 with value: 721.8837279876224.
[I 2026-07-28 10:44:01,594] Trial 34 finished with value: 714.5840675719653 and parameters: {'rsi_extreme': 1.3894930270858217, 'rsi_moderate': 1.7116845448099558, 'rsi_mild': 0.5960369333837369, 'stoch_extreme': 2.0043531489706434, 'stoch_moderate': 0.7736763593806527, 'stoch_cross': 0.3132445330687928, 'mfi_extreme': 1.8867393373703394, 'mfi_moderate': 0.48368422325362226, 'cci_extreme': 1.0070003810755332, 'cci_moderate': 0.8819946562031348, 'wr_extreme': 1.8099818980661435, 'wr_moderate': 0.9600227079356356, 'sar': 0.3327088225455054, 'aroon': 0.46910565631182843, 'ma_trend': 0.493444311037288, 'ema_cross': 0.11151963756097467, 'kdj_cross': 1.0668000997037421, 'kdj_j': 0.9350175552294027, 'bb_extreme': 1.8711758061069672, 'bb_moderate': 0.46897250820287323, 'volume': 0.3801128895100005, 'hammer': 1.4120786209246765, 'engulfing': 2.111479181384052, 'rsi_divergence': 1.9422970184953505, 'trend_di': 1.0440912008012162, 'trend_rsi': 0.13179736873436157, 'range_bb': 0.42249222358966976}. Best is trial 33 with value: 721.8837279876224.
Best trial: 39. Best value: 746.094:  42%|¨€¨€¨€¨€¨‡     | 42/100 [05:14<07:20,  7.59s/it]Best trial: 39. Best value: 746.094:  42%|¨€¨€¨€¨€¨‡     | 42/100 [05:14<07:20,  7.59s/it]Best trial: 39. Best value: 746.094:  43%|¨€¨€¨€¨€¨†     | 43/100 [05:14<07:20,  7.72s/it]                                                                                     Best trial: 39. Best value: 746.094:  43%|¨€¨€¨€¨€¨†     | 43/100 [05:22<07:20,  7.72s/it]Best trial: 39. Best value: 746.094:  43%|¨€¨€¨€¨€¨†     | 43/100 [05:22<07:20,  7.72s/it]Best trial: 39. Best value: 746.094:  44%|¨€¨€¨€¨€¨…     | 44/100 [05:22<07:19,  7.84s/it]                                                                                     Best trial: 39. Best value: 746.094:  44%|¨€¨€¨€¨€¨…     | 44/100 [05:29<07:19,  7.84s/it]Best trial: 39. Best value: 746.094:  44%|¨€¨€¨€¨€¨…     | 44/100 [05:29<07:19,  7.84s/it]Best trial: 39. Best value: 746.094:  45%|¨€¨€¨€¨€¨„     | 45/100 [05:29<06:59,  7.62s/it]                                                                                     Best trial: 39. Best value: 746.094:  45%|¨€¨€¨€¨€¨„     | 45/100 [05:36<06:59,  7.62s/it]Best trial: 39. Best value: 746.094:  45%|¨€¨€¨€¨€¨„     | 45/100 [05:36<06:59,  7.62s/it]Best trial: 39. Best value: 746.094:  46%|¨€¨€¨€¨€¨„     | 46/100 [05:36<06:37,  7.36s/it]                                                                                     Best trial: 39. Best value: 746.094:  46%|¨€¨€¨€¨€¨„     | 46/100 [05:43<06:37,  7.36s/it]Best trial: 39. Best value: 746.094:  46%|¨€¨€¨€¨€¨„     | 46/100 [05:43<06:37,  7.36s/it]Best trial: 39. Best value: 746.094:  47%|¨€¨€¨€¨€¨ƒ     | 47/100 [05:43<06:26,  7.29s/it]                                                                                     Best trial: 39. Best value: 746.094:  47%|¨€¨€¨€¨€¨ƒ     | 47/100 [05:50<06:26,  7.29s/it]Best trial: 39. Best value: 746.094:  47%|¨€¨€¨€¨€¨ƒ     | 47/100 [05:50<06:26,  7.29s/it]Best trial: 39. Best value: 746.094:  48%|¨€¨€¨€¨€¨‚     | 48/100 [05:50<06:13,  7.18s/it]                                                                                     Best trial: 39. Best value: 746.094:  48%|¨€¨€¨€¨€¨‚     | 48/100 [05:56<06:13,  7.18s/it]Best trial: 39. Best value: 746.094:  48%|¨€¨€¨€¨€¨‚     | 48/100 [05:56<06:13,  7.18s/it]Best trial: 39. Best value: 746.094:  49%|¨€¨€¨€¨€¨     | 49/100 [05:56<05:59,  7.05s/it]                                                                                     [I 2026-07-28 10:44:09,533] Trial 35 finished with value: 701.3234311880643 and parameters: {'rsi_extreme': 1.359718765469135, 'rsi_moderate': 1.6955234683044818, 'rsi_mild': 0.54964755592323, 'stoch_extreme': 1.9922259032452792, 'stoch_moderate': 0.8776156712835713, 'stoch_cross': 0.31972461137108105, 'mfi_extreme': 1.9289128364624522, 'mfi_moderate': 0.4603552350011235, 'cci_extreme': 1.01402987804472, 'cci_moderate': 0.8661137292405932, 'wr_extreme': 1.8310309466911547, 'wr_moderate': 0.9505269243128069, 'sar': 0.3345531697960394, 'aroon': 0.560826767472125, 'ma_trend': 0.46861873017174793, 'ema_cross': 0.10062007743482443, 'kdj_cross': 1.0830197230910328, 'kdj_j': 0.9392581784740466, 'bb_extreme': 1.740829926470985, 'bb_moderate': 0.4648210575893635, 'volume': 0.3750514441561575, 'hammer': 1.4260498899644407, 'engulfing': 2.0831272145228628, 'rsi_divergence': 1.9064952724504811, 'trend_di': 1.0137398511070757, 'trend_rsi': 0.10039802965028105, 'range_bb': 0.3107250925722396}. Best is trial 33 with value: 721.8837279876224.
[I 2026-07-28 10:44:17,166] Trial 36 finished with value: 683.6304318972925 and parameters: {'rsi_extreme': 1.5779635163273855, 'rsi_moderate': 1.4488273176106226, 'rsi_mild': 0.6065830616268079, 'stoch_extreme': 1.8829067775735597, 'stoch_moderate': 0.899053426952222, 'stoch_cross': 0.3133045933096228, 'mfi_extreme': 1.6305298523779306, 'mfi_moderate': 0.44443796948124176, 'cci_extreme': 1.0278067371099469, 'cci_moderate': 0.6901093806116684, 'wr_extreme': 1.9746688024580188, 'wr_moderate': 0.9629584579379332, 'sar': 0.33410175752426535, 'aroon': 0.5594692258141489, 'ma_trend': 0.3635200272641225, 'ema_cross': 0.10476275586909593, 'kdj_cross': 0.9730492229356889, 'kdj_j': 0.9377659267256849, 'bb_extreme': 1.752904791184109, 'bb_moderate': 0.36350587692124675, 'volume': 0.3655120143059828, 'hammer': 1.1260680645559595, 'engulfing': 1.5371369433369995, 'rsi_divergence': 1.913129796707438, 'trend_di': 0.9863396152124334, 'trend_rsi': 0.15385716919358658, 'range_bb': 0.322452514022586}. Best is trial 33 with value: 721.8837279876224.
[I 2026-07-28 10:44:24,848] Trial 37 finished with value: 682.5620207283666 and parameters: {'rsi_extreme': 1.7074567571578267, 'rsi_moderate': 1.3170948154961657, 'rsi_mild': 0.5559514231147167, 'stoch_extreme': 2.230749517100598, 'stoch_moderate': 0.8920521282011946, 'stoch_cross': 0.360180882228916, 'mfi_extreme': 2.006153640375466, 'mfi_moderate': 0.5413079560871908, 'cci_extreme': 1.1325939896291346, 'cci_moderate': 0.8750668400583322, 'wr_extreme': 1.9041638003702388, 'wr_moderate': 0.9548758317225009, 'sar': 0.41230822136835926, 'aroon': 0.5877834849251068, 'ma_trend': 0.47400226507692045, 'ema_cross': 0.14463102540338194, 'kdj_cross': 1.2229218658720915, 'kdj_j': 0.9422766489500917, 'bb_extreme': 1.7012475976585872, 'bb_moderate': 0.3536143401259434, 'volume': 0.42552904913072076, 'hammer': 1.4115668851582321, 'engulfing': 1.7068187577456442, 'rsi_divergence': 1.9941003961938866, 'trend_di': 0.8826697694117183, 'trend_rsi': 0.20050345960275653, 'range_bb': 0.4249231496222408}. Best is trial 33 with value: 721.8837279876224.
[I 2026-07-28 10:44:32,983] Trial 38 finished with value: 733.8271988136754 and parameters: {'rsi_extreme': 1.786466210784059, 'rsi_moderate': 1.892436230232151, 'rsi_mild': 0.6616631199777147, 'stoch_extreme': 1.9985886493253884, 'stoch_moderate': 0.8943234323524467, 'stoch_cross': 0.36817133360679016, 'mfi_extreme': 1.8826269050306055, 'mfi_moderate': 0.45997909659816183, 'cci_extreme': 1.1459030406474564, 'cci_moderate': 0.8089415718013324, 'wr_extreme': 1.7685245751629912, 'wr_moderate': 0.9997813750235521, 'sar': 0.326804867950362, 'aroon': 0.34713962808167453, 'ma_trend': 0.3112453211109647, 'ema_cross': 0.10224387922919731, 'kdj_cross': 1.2224544523252814, 'kdj_j': 0.9221905227787645, 'bb_extreme': 1.7650933482800837, 'bb_moderate': 0.4715918611791781, 'volume': 0.3759387318079544, 'hammer': 1.338893725001618, 'engulfing': 2.0198013086571565, 'rsi_divergence': 1.9075953024257657, 'trend_di': 1.0945864167233175, 'trend_rsi': 0.15237991481545107, 'range_bb': 0.25768269866819}. Best is trial 38 with value: 733.8271988136754.
[I 2026-07-28 10:44:40,743] Trial 39 finished with value: 746.0941941667999 and parameters: {'rsi_extreme': 2.121616746261522, 'rsi_moderate': 1.9092418258195036, 'rsi_mild': 0.6851895480022954, 'stoch_extreme': 1.4067514617278976, 'stoch_moderate': 0.9031564304958021, 'stoch_cross': 0.3126194543959879, 'mfi_extreme': 1.6515505161238766, 'mfi_moderate': 0.4595385392073059, 'cci_extreme': 1.1251219050576002, 'cci_moderate': 0.821861746714893, 'wr_extreme': 1.8810135031735424, 'wr_moderate': 0.9979473424162961, 'sar': 0.5027304316450708, 'aroon': 0.34218425050370016, 'ma_trend': 0.3130936556091806, 'ema_cross': 0.11029806835302211, 'kdj_cross': 1.381199123784172, 'kdj_j': 0.9373979214382423, 'bb_extreme': 1.9247123782809015, 'bb_moderate': 0.46011716156533244, 'volume': 0.35831975319920045, 'hammer': 1.1573682410729116, 'engulfing': 2.0494748556846196, 'rsi_divergence': 1.9101223637596338, 'trend_di': 0.8065809077950385, 'trend_rsi': 0.1560591821770749, 'range_bb': 0.2522921611916086}. Best is trial 39 with value: 746.0941941667999.
[I 2026-07-28 10:44:48,110] Trial 40 finished with value: 715.5503425334136 and parameters: {'rsi_extreme': 2.1209074945742294, 'rsi_moderate': 1.888395874304364, 'rsi_mild': 0.6887783461075565, 'stoch_extreme': 1.3976451576637696, 'stoch_moderate': 0.9323099078848771, 'stoch_cross': 0.37111795854045804, 'mfi_extreme': 1.4918218262957066, 'mfi_moderate': 0.6342808394592403, 'cci_extreme': 1.126099330890258, 'cci_moderate': 0.6478914449111399, 'wr_extreme': 1.9092905770538469, 'wr_moderate': 0.9939680710277021, 'sar': 0.7793829472636333, 'aroon': 0.20390364826522372, 'ma_trend': 0.3157685799938107, 'ema_cross': 0.1408402147545969, 'kdj_cross': 1.3850178893397076, 'kdj_j': 0.9623678607550114, 'bb_extreme': 1.8977537991275057, 'bb_moderate': 0.2724706679803519, 'volume': 0.29914189412198783, 'hammer': 1.1686163782624814, 'engulfing': 1.2337215941769841, 'rsi_divergence': 0.31642754447297483, 'trend_di': 0.6822814967105935, 'trend_rsi': 0.16433726638799767, 'range_bb': 0.21589451734399293}. Best is trial 39 with value: 746.0941941667999.
[I 2026-07-28 10:44:55,608] Trial 41 finished with value: 725.9035429496021 and parameters: {'rsi_extreme': 2.1125000489576475, 'rsi_moderate': 1.8823084192129864, 'rsi_mild': 0.6928502494699371, 'stoch_extreme': 1.3559044273502194, 'stoch_moderate': 0.932291717210486, 'stoch_cross': 0.3688167501501257, 'mfi_extreme': 1.46136089279983, 'mfi_moderate': 0.631129909564567, 'cci_extreme': 1.119740318469684, 'cci_moderate': 0.6265752019534377, 'wr_extreme': 1.8807825860216423, 'wr_moderate': 0.9993056249344837, 'sar': 0.6997161853616136, 'aroon': 0.206114382995878, 'ma_trend': 0.3143792001938869, 'ema_cross': 0.14516581232613335, 'kdj_cross': 1.4170581483881437, 'kdj_j': 0.958011084391088, 'bb_extreme': 1.9609198970294814, 'bb_moderate': 0.2991943752646984, 'volume': 0.29881633526828827, 'hammer': 1.1602546454658489, 'engulfing': 1.207506137982259, 'rsi_divergence': 0.44817580612782015, 'trend_di': 0.6738235314461358, 'trend_rsi': 0.16200979624957335, 'range_bb': 0.20649059574947795}. Best is trial 39 with value: 746.0941941667999.
